[2025-12-09 20:40:24] [INFO] [SCHED] Scheduler INTELIGENTE iniciado (Sincronizado al minuto 05 de cada hora).
[2025-12-09 20:40:24] [INFO] [SCHED] ⚡ Ejecución inicial de arranque...
[2025-12-09 20:40:24] [INFO] [SCHED] Descargando datos IGP desde 2025-12-06 hasta 2025-12-09
[2025-12-09 20:40:24] [INFO] [SCHED] HTTP 200 | Content-Type: application/vnd.openxmlformats-officedocument.spreadsheetml.sheet | bytes: 6956
[2025-12-09 20:40:24] [INFO] [SCHED] Archivo sin cambios (hash idéntico). No se reemplaza el existente.
[2025-12-09 20:40:24] [INFO] [SCHED] Inicio de ciclo ETL IGP V3 (Carga + Geocoding Avanzado)
[2025-12-09 20:40:24] [INFO] [SCHED] Datos leídos: 9 filas.
[2025-12-09 20:40:24] [INFO] [SCHED] Calculando ubicaciones detalladas (Reverse Geocoding + Math)...
[2025-12-09 20:40:26] [INFO] [SCHED] Procesadas 9 filas (Insertadas/Actualizadas).
[2025-12-09 20:40:26] [INFO] [SCHED] Carga de nuevos datos completada.
[2025-12-09 20:40:26] [INFO] [SCHED] Mantenimiento: Buscando lugares NULL o simples...
[2025-12-09 20:40:26] [INFO] [SCHED] Mantenimiento: Todo limpio.
[2025-12-09 20:40:26] [INFO] [SCHED] Ciclo ETL finalizado con éxito.
[2025-12-09 20:40:26] [INFO] [SCHED] Ciclo inicial completado.
[2025-12-09 20:40:26] [INFO] [SCHED] 😴 Durmiendo 1473s hasta la próxima sincronización: 21:05:00
[2025-12-09 20:40:38] [INFO] [SCHED] Scheduler INTELIGENTE iniciado (Sincronizado al minuto 05 de cada hora).
[2025-12-09 20:40:38] [INFO] [SCHED] ⚡ Ejecución inicial de arranque...
[2025-12-09 20:40:38] [INFO] [SCHED] Descargando datos IGP desde 2025-12-06 hasta 2025-12-09
[2025-12-09 20:40:38] [INFO] [SCHED] HTTP 200 | Content-Type: application/vnd.openxmlformats-officedocument.spreadsheetml.sheet | bytes: 6956
[2025-12-09 20:40:38] [INFO] [SCHED] Archivo sin cambios (hash idéntico). No se reemplaza el existente.
[2025-12-09 20:40:38] [INFO] [SCHED] Inicio de ciclo ETL IGP V3 (Carga + Geocoding Avanzado)
[2025-12-09 20:40:38] [INFO] [SCHED] Datos leídos: 9 filas.
[2025-12-09 20:40:38] [INFO] [SCHED] Calculando ubicaciones detalladas (Reverse Geocoding + Math)...
[2025-12-09 20:40:39] [INFO] [SCHED] Procesadas 9 filas (Insertadas/Actualizadas).
[2025-12-09 20:40:39] [INFO] [SCHED] Carga de nuevos datos completada.
[2025-12-09 20:40:39] [INFO] [SCHED] Mantenimiento: Buscando lugares NULL o simples...
[2025-12-09 20:40:39] [INFO] [SCHED] Mantenimiento: Todo limpio.
[2025-12-09 20:40:39] [INFO] [SCHED] Ciclo ETL finalizado con éxito.
[2025-12-09 20:40:39] [INFO] [SCHED] Ciclo inicial completado.
[2025-12-09 20:40:39] [INFO] [SCHED] 😴 Durmiendo 1460s hasta la próxima sincronización: 21:05:00
[2025-12-09 20:47:16] [INFO] [SCHED] Scheduler INTELIGENTE iniciado (Sincronizado al minuto 05 de cada hora).
[2025-12-09 20:47:16] [INFO] [SCHED] ⚡ Ejecución inicial de arranque...
[2025-12-09 20:47:16] [INFO] [SCHED] Descargando datos IGP desde 2025-12-06 hasta 2025-12-09
[2025-12-09 20:47:16] [INFO] [SCHED] HTTP 200 | Content-Type: application/vnd.openxmlformats-officedocument.spreadsheetml.sheet | bytes: 6956
[2025-12-09 20:47:16] [INFO] [SCHED] Archivo sin cambios (hash idéntico). No se reemplaza el existente.
[2025-12-09 20:47:16] [INFO] [SCHED] Inicio de ciclo ETL IGP V3 (Carga + Geocoding Avanzado)
[2025-12-09 20:47:16] [INFO] [SCHED] Datos leídos: 9 filas.
[2025-12-09 20:47:16] [INFO] [SCHED] Calculando ubicaciones detalladas (Reverse Geocoding + Math)...
[2025-12-09 20:47:18] [INFO] [SCHED] Procesadas 9 filas (Insertadas/Actualizadas).
[2025-12-09 20:47:18] [INFO] [SCHED] Carga de nuevos datos completada.
[2025-12-09 20:47:18] [INFO] [SCHED] Mantenimiento: Buscando lugares NULL o simples...
[2025-12-09 20:47:18] [INFO] [SCHED] Mantenimiento: Todo limpio.
[2025-12-09 20:47:18] [INFO] [SCHED] Ciclo ETL finalizado con éxito.
[2025-12-09 20:47:18] [INFO] [SCHED] Ciclo inicial completado.
[2025-12-09 20:47:18] [INFO] [SCHED] 😴 Durmiendo 1061s hasta la próxima sincronización: 21:05:00
[2025-12-09 20:47:32] [INFO] [SCHED] Scheduler INTELIGENTE iniciado (Sincronizado al minuto 05 de cada hora).
[2025-12-09 20:47:32] [INFO] [SCHED] ⚡ Ejecución inicial de arranque...
[2025-12-09 20:47:32] [INFO] [SCHED] Descargando datos IGP desde 2025-12-06 hasta 2025-12-09
[2025-12-09 20:47:32] [INFO] [SCHED] HTTP 200 | Content-Type: application/vnd.openxmlformats-officedocument.spreadsheetml.sheet | bytes: 6956
[2025-12-09 20:47:32] [INFO] [SCHED] Archivo sin cambios (hash idéntico). No se reemplaza el existente.
[2025-12-09 20:47:32] [INFO] [SCHED] Inicio de ciclo ETL IGP V3 (Carga + Geocoding Avanzado)
[2025-12-09 20:47:32] [INFO] [SCHED] Datos leídos: 9 filas.
[2025-12-09 20:47:32] [INFO] [SCHED] Calculando ubicaciones detalladas (Reverse Geocoding + Math)...
[2025-12-09 20:47:33] [INFO] [SCHED] Procesadas 9 filas (Insertadas/Actualizadas).
[2025-12-09 20:47:33] [INFO] [SCHED] Carga de nuevos datos completada.
[2025-12-09 20:47:33] [INFO] [SCHED] Mantenimiento: Buscando lugares NULL o simples...
[2025-12-09 20:47:33] [INFO] [SCHED] Mantenimiento: Todo limpio.
[2025-12-09 20:47:33] [INFO] [SCHED] Ciclo ETL finalizado con éxito.
[2025-12-09 20:47:33] [INFO] [SCHED] Ciclo inicial completado.
[2025-12-09 20:47:33] [INFO] [SCHED] 😴 Durmiendo 1046s hasta la próxima sincronización: 21:05:00
[2025-12-09 20:48:42] [INFO] [SCHED] === INICIANDO VALIDACIÓN (HISTÓRICO) ===
[2025-12-09 20:48:43] [INFO] [SCHED] Evaluando Run #1 (Vigencia: 2025-12-09 al 2025-12-15)
[2025-12-09 20:48:43] [INFO] [SCHED] Sismos Reales en ventana: 2
[2025-12-09 20:48:43] [INFO] [SCHED] Alertas evaluadas (Top-50): 25
[2025-12-09 20:48:43] [INFO] [SCHED] Registrando auditoría en 'validation_realworld'...
[2025-12-09 20:53:11] [INFO] [SCHED] Scheduler INTELIGENTE iniciado (Sincronizado al minuto 05 de cada hora).
[2025-12-09 20:53:11] [INFO] [SCHED] ⚡ Ejecución inicial de arranque...
[2025-12-09 20:53:11] [INFO] [SCHED] Descargando datos IGP desde 2025-12-06 hasta 2025-12-09
[2025-12-09 20:53:11] [INFO] [SCHED] HTTP 200 | Content-Type: application/vnd.openxmlformats-officedocument.spreadsheetml.sheet | bytes: 6956
[2025-12-09 20:53:11] [INFO] [SCHED] Archivo sin cambios (hash idéntico). No se reemplaza el existente.
[2025-12-09 20:53:11] [INFO] [SCHED] Inicio de ciclo ETL IGP V3 (Carga + Geocoding Avanzado)
[2025-12-09 20:53:11] [INFO] [SCHED] Datos leídos: 9 filas.
[2025-12-09 20:53:11] [INFO] [SCHED] Calculando ubicaciones detalladas (Reverse Geocoding + Math)...
[2025-12-09 20:53:13] [INFO] [SCHED] Procesadas 9 filas (Insertadas/Actualizadas).
[2025-12-09 20:53:13] [INFO] [SCHED] Carga de nuevos datos completada.
[2025-12-09 20:53:13] [INFO] [SCHED] Mantenimiento: Buscando lugares NULL o simples...
[2025-12-09 20:53:13] [INFO] [SCHED] Mantenimiento: Todo limpio.
[2025-12-09 20:53:13] [INFO] [SCHED] Ciclo ETL finalizado con éxito.
[2025-12-09 20:53:13] [INFO] [SCHED] Ciclo inicial completado.
[2025-12-09 20:53:13] [INFO] [SCHED] 😴 Durmiendo 706s hasta la próxima sincronización: 21:05:00
[2025-12-09 20:53:27] [INFO] [SCHED] Scheduler INTELIGENTE iniciado (Sincronizado al minuto 05 de cada hora).
[2025-12-09 20:53:27] [INFO] [SCHED] ⚡ Ejecución inicial de arranque...
[2025-12-09 20:53:27] [INFO] [SCHED] Descargando datos IGP desde 2025-12-06 hasta 2025-12-09
[2025-12-09 20:53:28] [INFO] [SCHED] HTTP 200 | Content-Type: application/vnd.openxmlformats-officedocument.spreadsheetml.sheet | bytes: 6956
[2025-12-09 20:53:28] [INFO] [SCHED] Archivo sin cambios (hash idéntico). No se reemplaza el existente.
[2025-12-09 20:53:28] [INFO] [SCHED] Inicio de ciclo ETL IGP V3 (Carga + Geocoding Avanzado)
[2025-12-09 20:53:28] [INFO] [SCHED] Datos leídos: 9 filas.
[2025-12-09 20:53:28] [INFO] [SCHED] Calculando ubicaciones detalladas (Reverse Geocoding + Math)...
[2025-12-09 20:53:29] [INFO] [SCHED] Procesadas 9 filas (Insertadas/Actualizadas).
[2025-12-09 20:53:29] [INFO] [SCHED] Carga de nuevos datos completada.
[2025-12-09 20:53:29] [INFO] [SCHED] Mantenimiento: Buscando lugares NULL o simples...
[2025-12-09 20:53:29] [INFO] [SCHED] Mantenimiento: Todo limpio.
[2025-12-09 20:53:29] [INFO] [SCHED] Ciclo ETL finalizado con éxito.
[2025-12-09 20:53:29] [INFO] [SCHED] Ciclo inicial completado.
[2025-12-09 20:53:29] [INFO] [SCHED] 😴 Durmiendo 690s hasta la próxima sincronización: 21:05:00
[2025-12-09 21:05:00] [INFO] [SCHED] ⏰ Inicio del ciclo programado: Extracción y Carga IGP
[2025-12-09 21:05:00] [INFO] [SCHED] Descargando datos IGP desde 2025-12-06 hasta 2025-12-09
[2025-12-09 21:05:00] [INFO] [SCHED] HTTP 200 | Content-Type: application/vnd.openxmlformats-officedocument.spreadsheetml.sheet | bytes: 6956
[2025-12-09 21:05:00] [INFO] [SCHED] Archivo sin cambios (hash idéntico). No se reemplaza el existente.
[2025-12-09 21:05:00] [INFO] [SCHED] Inicio de ciclo ETL IGP V3 (Carga + Geocoding Avanzado)
[2025-12-09 21:05:00] [INFO] [SCHED] Datos leídos: 9 filas.
[2025-12-09 21:05:00] [INFO] [SCHED] Calculando ubicaciones detalladas (Reverse Geocoding + Math)...
[2025-12-09 21:05:00] [INFO] [SCHED] Procesadas 9 filas (Insertadas/Actualizadas).
[2025-12-09 21:05:00] [INFO] [SCHED] Carga de nuevos datos completada.
[2025-12-09 21:05:00] [INFO] [SCHED] Mantenimiento: Buscando lugares NULL o simples...
[2025-12-09 21:05:00] [INFO] [SCHED] Mantenimiento: Todo limpio.
[2025-12-09 21:05:00] [INFO] [SCHED] Ciclo ETL finalizado con éxito.
[2025-12-09 21:05:00] [INFO] [SCHED] Ciclo completado correctamente.
[2025-12-09 21:05:00] [INFO] [SCHED] 😴 Durmiendo 3599s hasta la próxima sincronización: 22:05:00
[2025-12-09 22:05:00] [INFO] [SCHED] ⏰ Inicio del ciclo programado: Extracción y Carga IGP
[2025-12-09 22:05:00] [INFO] [SCHED] Descargando datos IGP desde 2025-12-06 hasta 2025-12-09
[2025-12-09 22:05:00] [INFO] [SCHED] HTTP 200 | Content-Type: application/vnd.openxmlformats-officedocument.spreadsheetml.sheet | bytes: 6956
[2025-12-09 22:05:00] [INFO] [SCHED] Archivo sin cambios (hash idéntico). No se reemplaza el existente.
[2025-12-09 22:05:00] [INFO] [SCHED] Inicio de ciclo ETL IGP V3 (Carga + Geocoding Avanzado)
[2025-12-09 22:05:00] [INFO] [SCHED] Datos leídos: 9 filas.
[2025-12-09 22:05:00] [INFO] [SCHED] Calculando ubicaciones detalladas (Reverse Geocoding + Math)...
[2025-12-09 22:05:00] [INFO] [SCHED] Procesadas 9 filas (Insertadas/Actualizadas).
[2025-12-09 22:05:00] [INFO] [SCHED] Carga de nuevos datos completada.
[2025-12-09 22:05:00] [INFO] [SCHED] Mantenimiento: Buscando lugares NULL o simples...
[2025-12-09 22:05:00] [INFO] [SCHED] Mantenimiento: Todo limpio.
[2025-12-09 22:05:00] [INFO] [SCHED] Ciclo ETL finalizado con éxito.
[2025-12-09 22:05:00] [INFO] [SCHED] Ciclo completado correctamente.
[2025-12-09 22:05:00] [INFO] [SCHED] 😴 Durmiendo 3599s hasta la próxima sincronización: 23:05:00
[2025-12-09 23:05:00] [INFO] [SCHED] ⏰ Inicio del ciclo programado: Extracción y Carga IGP
[2025-12-09 23:05:00] [INFO] [SCHED] Descargando datos IGP desde 2025-12-06 hasta 2025-12-09
[2025-12-09 23:05:00] [INFO] [SCHED] HTTP 200 | Content-Type: application/vnd.openxmlformats-officedocument.spreadsheetml.sheet | bytes: 6956
[2025-12-09 23:05:00] [INFO] [SCHED] Archivo sin cambios (hash idéntico). No se reemplaza el existente.
[2025-12-09 23:05:00] [INFO] [SCHED] Inicio de ciclo ETL IGP V3 (Carga + Geocoding Avanzado)
[2025-12-09 23:05:01] [INFO] [SCHED] Datos leídos: 9 filas.
[2025-12-09 23:05:01] [INFO] [SCHED] Calculando ubicaciones detalladas (Reverse Geocoding + Math)...
[2025-12-09 23:05:01] [INFO] [SCHED] Procesadas 9 filas (Insertadas/Actualizadas).
[2025-12-09 23:05:01] [INFO] [SCHED] Carga de nuevos datos completada.
[2025-12-09 23:05:01] [INFO] [SCHED] Mantenimiento: Buscando lugares NULL o simples...
[2025-12-09 23:05:01] [INFO] [SCHED] Mantenimiento: Todo limpio.
[2025-12-09 23:05:01] [INFO] [SCHED] Ciclo ETL finalizado con éxito.
[2025-12-09 23:05:01] [INFO] [SCHED] Ciclo completado correctamente.
[2025-12-09 23:05:01] [INFO] [SCHED] 😴 Durmiendo 3598s hasta la próxima sincronización: 00:05:00
[2025-12-10 00:04:59] [INFO] [SCHED] ⏰ Inicio del ciclo programado: Extracción y Carga IGP
[2025-12-10 00:04:59] [INFO] [SCHED] Descargando datos IGP desde 2025-12-07 hasta 2025-12-10
[2025-12-10 00:04:59] [INFO] [SCHED] HTTP 200 | Content-Type: application/vnd.openxmlformats-officedocument.spreadsheetml.sheet | bytes: 6865
[2025-12-10 00:05:00] [INFO] [SCHED] Archivo actualizado correctamente: /app/data/igp/landing/igp-datos-sismicos.xlsx (6,865 bytes)
[2025-12-10 00:05:00] [INFO] [SCHED] Inicio de ciclo ETL IGP V3 (Carga + Geocoding Avanzado)
[2025-12-10 00:05:00] [INFO] [SCHED] Datos leídos: 7 filas.
[2025-12-10 00:05:00] [INFO] [SCHED] Calculando ubicaciones detalladas (Reverse Geocoding + Math)...
[2025-12-10 00:05:00] [INFO] [SCHED] Procesadas 7 filas (Insertadas/Actualizadas).
[2025-12-10 00:05:00] [INFO] [SCHED] Carga de nuevos datos completada.
[2025-12-10 00:05:00] [INFO] [SCHED] Mantenimiento: Buscando lugares NULL o simples...
[2025-12-10 00:05:00] [INFO] [SCHED] Mantenimiento: Todo limpio.
[2025-12-10 00:05:00] [INFO] [SCHED] Ciclo ETL finalizado con éxito.
[2025-12-10 00:05:00] [INFO] [SCHED] Ciclo completado correctamente.
[2025-12-10 00:05:00] [INFO] [SCHED] 😴 Durmiendo 3599s hasta la próxima sincronización: 01:05:00
[2025-12-10 00:42:52] [INFO] [SCHED] Scheduler INTELIGENTE iniciado (Sincronizado al minuto 05 de cada hora).
[2025-12-10 00:42:52] [INFO] [SCHED] ⚡ Ejecución inicial de arranque...
[2025-12-10 00:42:52] [INFO] [SCHED] Descargando datos IGP desde 2025-12-07 hasta 2025-12-10
[2025-12-10 00:42:52] [INFO] [SCHED] HTTP 200 | Content-Type: application/vnd.openxmlformats-officedocument.spreadsheetml.sheet | bytes: 6865
[2025-12-10 00:42:52] [INFO] [SCHED] Archivo sin cambios (hash idéntico). No se reemplaza el existente.
[2025-12-10 00:42:52] [INFO] [SCHED] Inicio de ciclo ETL IGP V3 (Carga + Geocoding Avanzado)
[2025-12-10 00:42:53] [INFO] [SCHED] Datos leídos: 7 filas.
[2025-12-10 00:42:53] [INFO] [SCHED] Calculando ubicaciones detalladas (Reverse Geocoding + Math)...
[2025-12-10 00:42:56] [INFO] [SCHED] Procesadas 7 filas (Insertadas/Actualizadas).
[2025-12-10 00:42:56] [INFO] [SCHED] Carga de nuevos datos completada.
[2025-12-10 00:42:56] [INFO] [SCHED] Mantenimiento: Buscando lugares NULL o simples...
[2025-12-10 00:42:57] [INFO] [SCHED] Mantenimiento: Todo limpio.
[2025-12-10 00:42:57] [INFO] [SCHED] Ciclo ETL finalizado con éxito.
[2025-12-10 00:42:57] [INFO] [SCHED] Ciclo inicial completado.
[2025-12-10 00:42:57] [INFO] [SCHED] 😴 Durmiendo 1322s hasta la próxima sincronización: 01:05:00
[2025-12-10 00:43:10] [INFO] [SCHED] Scheduler INTELIGENTE iniciado (Sincronizado al minuto 05 de cada hora).
[2025-12-10 00:43:10] [INFO] [SCHED] ⚡ Ejecución inicial de arranque...
[2025-12-10 00:43:10] [INFO] [SCHED] Descargando datos IGP desde 2025-12-07 hasta 2025-12-10
[2025-12-10 00:43:10] [INFO] [SCHED] HTTP 200 | Content-Type: application/vnd.openxmlformats-officedocument.spreadsheetml.sheet | bytes: 6865
[2025-12-10 00:43:10] [INFO] [SCHED] Archivo sin cambios (hash idéntico). No se reemplaza el existente.
[2025-12-10 00:43:10] [INFO] [SCHED] Inicio de ciclo ETL IGP V3 (Carga + Geocoding Avanzado)
[2025-12-10 00:43:11] [INFO] [SCHED] Datos leídos: 7 filas.
[2025-12-10 00:43:11] [INFO] [SCHED] Calculando ubicaciones detalladas (Reverse Geocoding + Math)...
[2025-12-10 00:43:12] [INFO] [SCHED] Procesadas 7 filas (Insertadas/Actualizadas).
[2025-12-10 00:43:12] [INFO] [SCHED] Carga de nuevos datos completada.
[2025-12-10 00:43:12] [INFO] [SCHED] Mantenimiento: Buscando lugares NULL o simples...
[2025-12-10 00:43:12] [INFO] [SCHED] Mantenimiento: Todo limpio.
[2025-12-10 00:43:12] [INFO] [SCHED] Ciclo ETL finalizado con éxito.
[2025-12-10 00:43:12] [INFO] [SCHED] Ciclo inicial completado.
[2025-12-10 00:43:12] [INFO] [SCHED] 😴 Durmiendo 1307s hasta la próxima sincronización: 01:05:00
[2025-12-10 00:43:47] [INFO] [SCHED] Scheduler INTELIGENTE iniciado (Sincronizado al minuto 05 de cada hora).
[2025-12-10 00:43:47] [INFO] [SCHED] ⚡ Ejecución inicial de arranque...
[2025-12-10 00:43:47] [INFO] [SCHED] Descargando datos IGP desde 2025-12-07 hasta 2025-12-10
[2025-12-10 00:43:47] [INFO] [SCHED] HTTP 200 | Content-Type: application/vnd.openxmlformats-officedocument.spreadsheetml.sheet | bytes: 6865
[2025-12-10 00:43:47] [INFO] [SCHED] Archivo sin cambios (hash idéntico). No se reemplaza el existente.
[2025-12-10 00:43:47] [INFO] [SCHED] Inicio de ciclo ETL IGP V3 (Carga + Geocoding Avanzado)
[2025-12-10 00:43:47] [INFO] [SCHED] Datos leídos: 7 filas.
[2025-12-10 00:43:47] [INFO] [SCHED] Calculando ubicaciones detalladas (Reverse Geocoding + Math)...
[2025-12-10 00:43:48] [INFO] [SCHED] Procesadas 7 filas (Insertadas/Actualizadas).
[2025-12-10 00:43:48] [INFO] [SCHED] Carga de nuevos datos completada.
[2025-12-10 00:43:48] [INFO] [SCHED] Mantenimiento: Buscando lugares NULL o simples...
[2025-12-10 00:43:48] [INFO] [SCHED] Mantenimiento: Todo limpio.
[2025-12-10 00:43:48] [INFO] [SCHED] Ciclo ETL finalizado con éxito.
[2025-12-10 00:43:48] [INFO] [SCHED] Ciclo inicial completado.
[2025-12-10 00:43:48] [INFO] [SCHED] 😴 Durmiendo 1271s hasta la próxima sincronización: 01:05:00
[2025-12-10 00:45:00] [INFO] [SCHED] Scheduler INTELIGENTE iniciado (Sincronizado al minuto 05 de cada hora).
[2025-12-10 00:45:00] [INFO] [SCHED] ⚡ Ejecución inicial de arranque...
[2025-12-10 00:45:00] [INFO] [SCHED] Descargando datos IGP desde 2025-12-07 hasta 2025-12-10
[2025-12-10 00:45:00] [INFO] [SCHED] HTTP 200 | Content-Type: application/vnd.openxmlformats-officedocument.spreadsheetml.sheet | bytes: 6865
[2025-12-10 00:45:00] [INFO] [SCHED] Archivo sin cambios (hash idéntico). No se reemplaza el existente.
[2025-12-10 00:45:00] [INFO] [SCHED] Inicio de ciclo ETL IGP V3 (Carga + Geocoding Avanzado)
[2025-12-10 00:45:00] [INFO] [SCHED] Datos leídos: 7 filas.
[2025-12-10 00:45:00] [INFO] [SCHED] Calculando ubicaciones detalladas (Reverse Geocoding + Math)...
[2025-12-10 00:45:03] [INFO] [SCHED] Procesadas 7 filas (Insertadas/Actualizadas).
[2025-12-10 00:45:03] [INFO] [SCHED] Carga de nuevos datos completada.
[2025-12-10 00:45:03] [INFO] [SCHED] Mantenimiento: Buscando lugares NULL o simples...
[2025-12-10 00:45:03] [INFO] [SCHED] Mantenimiento: Todo limpio.
[2025-12-10 00:45:03] [INFO] [SCHED] Ciclo ETL finalizado con éxito.
[2025-12-10 00:45:03] [INFO] [SCHED] Ciclo inicial completado.
[2025-12-10 00:45:03] [INFO] [SCHED] 😴 Durmiendo 1196s hasta la próxima sincronización: 01:05:00
[2025-12-10 00:46:31] [INFO] [SCHED] Scheduler INTELIGENTE iniciado (Sincronizado al minuto 05 de cada hora).
[2025-12-10 00:46:31] [INFO] [SCHED] ⚡ Ejecución inicial de arranque...
[2025-12-10 00:46:31] [INFO] [SCHED] Descargando datos IGP desde 2025-12-07 hasta 2025-12-10
[2025-12-10 00:46:31] [INFO] [SCHED] HTTP 200 | Content-Type: application/vnd.openxmlformats-officedocument.spreadsheetml.sheet | bytes: 6865
[2025-12-10 00:46:31] [INFO] [SCHED] Archivo sin cambios (hash idéntico). No se reemplaza el existente.
[2025-12-10 00:46:31] [INFO] [SCHED] Inicio de ciclo ETL IGP V3 (Carga + Geocoding Avanzado)
[2025-12-10 00:46:32] [INFO] [SCHED] Datos leídos: 7 filas.
[2025-12-10 00:46:32] [INFO] [SCHED] Calculando ubicaciones detalladas (Reverse Geocoding + Math)...
[2025-12-10 00:46:33] [INFO] [SCHED] Procesadas 7 filas (Insertadas/Actualizadas).
[2025-12-10 00:46:33] [INFO] [SCHED] Carga de nuevos datos completada.
[2025-12-10 00:46:33] [INFO] [SCHED] Mantenimiento: Buscando lugares NULL o simples...
[2025-12-10 00:46:33] [INFO] [SCHED] Mantenimiento: Todo limpio.
[2025-12-10 00:46:33] [INFO] [SCHED] Ciclo ETL finalizado con éxito.
[2025-12-10 00:46:33] [INFO] [SCHED] Ciclo inicial completado.
[2025-12-10 00:46:33] [INFO] [SCHED] 😴 Durmiendo 1106s hasta la próxima sincronización: 01:05:00
[2025-12-10 00:46:47] [INFO] [SCHED] Scheduler INTELIGENTE iniciado (Sincronizado al minuto 05 de cada hora).
[2025-12-10 00:46:47] [INFO] [SCHED] ⚡ Ejecución inicial de arranque...
[2025-12-10 00:46:47] [INFO] [SCHED] Descargando datos IGP desde 2025-12-07 hasta 2025-12-10
[2025-12-10 00:46:47] [INFO] [SCHED] HTTP 200 | Content-Type: application/vnd.openxmlformats-officedocument.spreadsheetml.sheet | bytes: 6865
[2025-12-10 00:46:47] [INFO] [SCHED] Archivo sin cambios (hash idéntico). No se reemplaza el existente.
[2025-12-10 00:46:47] [INFO] [SCHED] Inicio de ciclo ETL IGP V3 (Carga + Geocoding Avanzado)
[2025-12-10 00:46:47] [INFO] [SCHED] Datos leídos: 7 filas.
[2025-12-10 00:46:47] [INFO] [SCHED] Calculando ubicaciones detalladas (Reverse Geocoding + Math)...
[2025-12-10 00:46:49] [INFO] [SCHED] Procesadas 7 filas (Insertadas/Actualizadas).
[2025-12-10 00:46:49] [INFO] [SCHED] Carga de nuevos datos completada.
[2025-12-10 00:46:49] [INFO] [SCHED] Mantenimiento: Buscando lugares NULL o simples...
[2025-12-10 00:46:49] [INFO] [SCHED] Mantenimiento: Todo limpio.
[2025-12-10 00:46:49] [INFO] [SCHED] Ciclo ETL finalizado con éxito.
[2025-12-10 00:46:49] [INFO] [SCHED] Ciclo inicial completado.
[2025-12-10 00:46:49] [INFO] [SCHED] 😴 Durmiendo 1090s hasta la próxima sincronización: 01:05:00
[2025-12-10 00:48:27] [INFO] [SCHED] === INICIANDO VALIDACIÓN (HISTÓRICO) ===
[2025-12-10 00:48:27] [INFO] [SCHED] Evaluando Run #1 (Vigencia: 2025-12-10 al 2025-12-16)
[2025-12-10 00:48:27] [INFO] [SCHED] Sismos Reales en ventana: 0
[2025-12-10 00:48:27] [INFO] [SCHED] Alertas evaluadas (Top-50): 25
[2025-12-10 00:48:27] [INFO] [SCHED] Registrando auditoría en 'validation_realworld'...
[2025-12-10 01:04:59] [INFO] [SCHED] ⏰ Inicio del ciclo programado: Extracción y Carga IGP
[2025-12-10 01:04:59] [INFO] [SCHED] Descargando datos IGP desde 2025-12-07 hasta 2025-12-10
[2025-12-10 01:05:00] [INFO] [SCHED] HTTP 200 | Content-Type: application/vnd.openxmlformats-officedocument.spreadsheetml.sheet | bytes: 6865
[2025-12-10 01:05:00] [INFO] [SCHED] Archivo sin cambios (hash idéntico). No se reemplaza el existente.
[2025-12-10 01:05:00] [INFO] [SCHED] Inicio de ciclo ETL IGP V3 (Carga + Geocoding Avanzado)
[2025-12-10 01:05:00] [INFO] [SCHED] Datos leídos: 7 filas.
[2025-12-10 01:05:00] [INFO] [SCHED] Calculando ubicaciones detalladas (Reverse Geocoding + Math)...
[2025-12-10 01:05:00] [INFO] [SCHED] Procesadas 7 filas (Insertadas/Actualizadas).
[2025-12-10 01:05:00] [INFO] [SCHED] Carga de nuevos datos completada.
[2025-12-10 01:05:00] [INFO] [SCHED] Mantenimiento: Buscando lugares NULL o simples...
[2025-12-10 01:05:01] [INFO] [SCHED] Mantenimiento: Todo limpio.
[2025-12-10 01:05:01] [INFO] [SCHED] Ciclo ETL finalizado con éxito.
[2025-12-10 01:05:01] [INFO] [SCHED] Ciclo completado correctamente.
[2025-12-10 01:05:01] [INFO] [SCHED] 😴 Durmiendo 3598s hasta la próxima sincronización: 02:05:00
[2025-12-10 02:04:59] [INFO] [SCHED] ⏰ Inicio del ciclo programado: Extracción y Carga IGP
[2025-12-10 02:04:59] [INFO] [SCHED] Descargando datos IGP desde 2025-12-07 hasta 2025-12-10
[2025-12-10 02:05:00] [INFO] [SCHED] HTTP 200 | Content-Type: application/vnd.openxmlformats-officedocument.spreadsheetml.sheet | bytes: 6865
[2025-12-10 02:05:00] [INFO] [SCHED] Archivo sin cambios (hash idéntico). No se reemplaza el existente.
[2025-12-10 02:05:00] [INFO] [SCHED] Inicio de ciclo ETL IGP V3 (Carga + Geocoding Avanzado)
[2025-12-10 02:05:00] [INFO] [SCHED] Datos leídos: 7 filas.
[2025-12-10 02:05:00] [INFO] [SCHED] Calculando ubicaciones detalladas (Reverse Geocoding + Math)...
[2025-12-10 02:05:00] [INFO] [SCHED] Procesadas 7 filas (Insertadas/Actualizadas).
[2025-12-10 02:05:00] [INFO] [SCHED] Carga de nuevos datos completada.
[2025-12-10 02:05:00] [INFO] [SCHED] Mantenimiento: Buscando lugares NULL o simples...
[2025-12-10 02:05:00] [INFO] [SCHED] Mantenimiento: Todo limpio.
[2025-12-10 02:05:00] [INFO] [SCHED] Ciclo ETL finalizado con éxito.
[2025-12-10 02:05:00] [INFO] [SCHED] Ciclo completado correctamente.
[2025-12-10 02:05:00] [INFO] [SCHED] 😴 Durmiendo 3599s hasta la próxima sincronización: 03:05:00
[2025-12-10 03:04:59] [INFO] [SCHED] ⏰ Inicio del ciclo programado: Extracción y Carga IGP
[2025-12-10 03:04:59] [INFO] [SCHED] Descargando datos IGP desde 2025-12-07 hasta 2025-12-10
[2025-12-10 03:05:00] [INFO] [SCHED] HTTP 200 | Content-Type: application/vnd.openxmlformats-officedocument.spreadsheetml.sheet | bytes: 6865
[2025-12-10 03:05:00] [INFO] [SCHED] Archivo sin cambios (hash idéntico). No se reemplaza el existente.
[2025-12-10 03:05:00] [INFO] [SCHED] Inicio de ciclo ETL IGP V3 (Carga + Geocoding Avanzado)
[2025-12-10 03:05:00] [INFO] [SCHED] Datos leídos: 7 filas.
[2025-12-10 03:05:00] [INFO] [SCHED] Calculando ubicaciones detalladas (Reverse Geocoding + Math)...
[2025-12-10 03:05:00] [INFO] [SCHED] Procesadas 7 filas (Insertadas/Actualizadas).
[2025-12-10 03:05:00] [INFO] [SCHED] Carga de nuevos datos completada.
[2025-12-10 03:05:00] [INFO] [SCHED] Mantenimiento: Buscando lugares NULL o simples...
[2025-12-10 03:05:00] [INFO] [SCHED] Mantenimiento: Todo limpio.
[2025-12-10 03:05:00] [INFO] [SCHED] Ciclo ETL finalizado con éxito.
[2025-12-10 03:05:00] [INFO] [SCHED] Ciclo completado correctamente.
[2025-12-10 03:05:00] [INFO] [SCHED] 😴 Durmiendo 3599s hasta la próxima sincronización: 04:05:00
[2025-12-10 04:05:00] [INFO] [SCHED] ⏰ Inicio del ciclo programado: Extracción y Carga IGP
[2025-12-10 04:05:00] [INFO] [SCHED] Descargando datos IGP desde 2025-12-07 hasta 2025-12-10
[2025-12-10 04:05:00] [INFO] [SCHED] HTTP 200 | Content-Type: application/vnd.openxmlformats-officedocument.spreadsheetml.sheet | bytes: 6865
[2025-12-10 04:05:00] [INFO] [SCHED] Archivo sin cambios (hash idéntico). No se reemplaza el existente.
[2025-12-10 04:05:00] [INFO] [SCHED] Inicio de ciclo ETL IGP V3 (Carga + Geocoding Avanzado)
[2025-12-10 04:05:00] [INFO] [SCHED] Datos leídos: 7 filas.
[2025-12-10 04:05:00] [INFO] [SCHED] Calculando ubicaciones detalladas (Reverse Geocoding + Math)...
[2025-12-10 04:05:00] [INFO] [SCHED] Procesadas 7 filas (Insertadas/Actualizadas).
[2025-12-10 04:05:00] [INFO] [SCHED] Carga de nuevos datos completada.
[2025-12-10 04:05:00] [INFO] [SCHED] Mantenimiento: Buscando lugares NULL o simples...
[2025-12-10 04:05:00] [INFO] [SCHED] Mantenimiento: Todo limpio.
[2025-12-10 04:05:00] [INFO] [SCHED] Ciclo ETL finalizado con éxito.
[2025-12-10 04:05:00] [INFO] [SCHED] Ciclo completado correctamente.
[2025-12-10 04:05:00] [INFO] [SCHED] 😴 Durmiendo 3599s hasta la próxima sincronización: 05:05:00
[2025-12-10 05:05:00] [INFO] [SCHED] ⏰ Inicio del ciclo programado: Extracción y Carga IGP
[2025-12-10 05:05:00] [INFO] [SCHED] Descargando datos IGP desde 2025-12-07 hasta 2025-12-10
[2025-12-10 05:05:01] [INFO] [SCHED] HTTP 200 | Content-Type: application/vnd.openxmlformats-officedocument.spreadsheetml.sheet | bytes: 6920
[2025-12-10 05:05:01] [INFO] [SCHED] Archivo actualizado correctamente: /app/data/igp/landing/igp-datos-sismicos.xlsx (6,920 bytes)
[2025-12-10 05:05:01] [INFO] [SCHED] Inicio de ciclo ETL IGP V3 (Carga + Geocoding Avanzado)
[2025-12-10 05:05:01] [INFO] [SCHED] Datos leídos: 8 filas.
[2025-12-10 05:05:01] [INFO] [SCHED] Calculando ubicaciones detalladas (Reverse Geocoding + Math)...
[2025-12-10 05:05:01] [INFO] [SCHED] Procesadas 8 filas (Insertadas/Actualizadas).
[2025-12-10 05:05:01] [INFO] [SCHED] Carga de nuevos datos completada.
[2025-12-10 05:05:01] [INFO] [SCHED] Mantenimiento: Buscando lugares NULL o simples...
[2025-12-10 05:05:01] [INFO] [SCHED] Mantenimiento: Todo limpio.
[2025-12-10 05:05:01] [INFO] [SCHED] Ciclo ETL finalizado con éxito.
[2025-12-10 05:05:01] [INFO] [SCHED] Ciclo completado correctamente.
[2025-12-10 05:05:01] [INFO] [SCHED] 😴 Durmiendo 3598s hasta la próxima sincronización: 06:05:00
[2025-12-10 06:05:00] [INFO] [SCHED] ⏰ Inicio del ciclo programado: Extracción y Carga IGP
[2025-12-10 06:05:00] [INFO] [SCHED] Descargando datos IGP desde 2025-12-07 hasta 2025-12-10
[2025-12-10 06:05:00] [INFO] [SCHED] HTTP 200 | Content-Type: application/vnd.openxmlformats-officedocument.spreadsheetml.sheet | bytes: 6920
[2025-12-10 06:05:00] [INFO] [SCHED] Archivo sin cambios (hash idéntico). No se reemplaza el existente.
[2025-12-10 06:05:00] [INFO] [SCHED] Inicio de ciclo ETL IGP V3 (Carga + Geocoding Avanzado)
[2025-12-10 06:05:00] [INFO] [SCHED] Datos leídos: 8 filas.
[2025-12-10 06:05:00] [INFO] [SCHED] Calculando ubicaciones detalladas (Reverse Geocoding + Math)...
[2025-12-10 06:05:01] [INFO] [SCHED] Procesadas 8 filas (Insertadas/Actualizadas).
[2025-12-10 06:05:01] [INFO] [SCHED] Carga de nuevos datos completada.
[2025-12-10 06:05:01] [INFO] [SCHED] Mantenimiento: Buscando lugares NULL o simples...
[2025-12-10 06:05:01] [INFO] [SCHED] Mantenimiento: Todo limpio.
[2025-12-10 06:05:01] [INFO] [SCHED] Ciclo ETL finalizado con éxito.
[2025-12-10 06:05:01] [INFO] [SCHED] Ciclo completado correctamente.
[2025-12-10 06:05:01] [INFO] [SCHED] 😴 Durmiendo 3598s hasta la próxima sincronización: 07:05:00
[2025-12-10 07:05:00] [INFO] [SCHED] ⏰ Inicio del ciclo programado: Extracción y Carga IGP
[2025-12-10 07:05:00] [INFO] [SCHED] Descargando datos IGP desde 2025-12-07 hasta 2025-12-10
[2025-12-10 07:05:00] [INFO] [SCHED] HTTP 200 | Content-Type: application/vnd.openxmlformats-officedocument.spreadsheetml.sheet | bytes: 6920
[2025-12-10 07:05:00] [INFO] [SCHED] Archivo sin cambios (hash idéntico). No se reemplaza el existente.
[2025-12-10 07:05:00] [INFO] [SCHED] Inicio de ciclo ETL IGP V3 (Carga + Geocoding Avanzado)
[2025-12-10 07:05:00] [INFO] [SCHED] Datos leídos: 8 filas.
[2025-12-10 07:05:00] [INFO] [SCHED] Calculando ubicaciones detalladas (Reverse Geocoding + Math)...
[2025-12-10 07:05:01] [INFO] [SCHED] Procesadas 8 filas (Insertadas/Actualizadas).
[2025-12-10 07:05:01] [INFO] [SCHED] Carga de nuevos datos completada.
[2025-12-10 07:05:01] [INFO] [SCHED] Mantenimiento: Buscando lugares NULL o simples...
[2025-12-10 07:05:01] [INFO] [SCHED] Mantenimiento: Todo limpio.
[2025-12-10 07:05:01] [INFO] [SCHED] Ciclo ETL finalizado con éxito.
[2025-12-10 07:05:01] [INFO] [SCHED] Ciclo completado correctamente.
[2025-12-10 07:05:01] [INFO] [SCHED] 😴 Durmiendo 3598s hasta la próxima sincronización: 08:05:00
[2025-12-10 08:05:00] [INFO] [SCHED] ⏰ Inicio del ciclo programado: Extracción y Carga IGP
[2025-12-10 08:05:00] [INFO] [SCHED] Descargando datos IGP desde 2025-12-07 hasta 2025-12-10
[2025-12-10 08:05:00] [INFO] [SCHED] HTTP 200 | Content-Type: application/vnd.openxmlformats-officedocument.spreadsheetml.sheet | bytes: 6920
[2025-12-10 08:05:00] [INFO] [SCHED] Archivo sin cambios (hash idéntico). No se reemplaza el existente.
[2025-12-10 08:05:00] [INFO] [SCHED] Inicio de ciclo ETL IGP V3 (Carga + Geocoding Avanzado)
[2025-12-10 08:05:00] [INFO] [SCHED] Datos leídos: 8 filas.
[2025-12-10 08:05:00] [INFO] [SCHED] Calculando ubicaciones detalladas (Reverse Geocoding + Math)...
[2025-12-10 08:05:01] [INFO] [SCHED] Procesadas 8 filas (Insertadas/Actualizadas).
[2025-12-10 08:05:01] [INFO] [SCHED] Carga de nuevos datos completada.
[2025-12-10 08:05:01] [INFO] [SCHED] Mantenimiento: Buscando lugares NULL o simples...
[2025-12-10 08:05:01] [INFO] [SCHED] Mantenimiento: Todo limpio.
[2025-12-10 08:05:01] [INFO] [SCHED] Ciclo ETL finalizado con éxito.
[2025-12-10 08:05:01] [INFO] [SCHED] Ciclo completado correctamente.
[2025-12-10 08:05:01] [INFO] [SCHED] 😴 Durmiendo 3598s hasta la próxima sincronización: 09:05:00
[2025-12-10 09:04:59] [INFO] [SCHED] ⏰ Inicio del ciclo programado: Extracción y Carga IGP
[2025-12-10 09:04:59] [INFO] [SCHED] Descargando datos IGP desde 2025-12-07 hasta 2025-12-10
[2025-12-10 09:04:59] [INFO] [SCHED] HTTP 200 | Content-Type: application/vnd.openxmlformats-officedocument.spreadsheetml.sheet | bytes: 6920
[2025-12-10 09:04:59] [INFO] [SCHED] Archivo sin cambios (hash idéntico). No se reemplaza el existente.
[2025-12-10 09:04:59] [INFO] [SCHED] Inicio de ciclo ETL IGP V3 (Carga + Geocoding Avanzado)
[2025-12-10 09:04:59] [INFO] [SCHED] Datos leídos: 8 filas.
[2025-12-10 09:04:59] [INFO] [SCHED] Calculando ubicaciones detalladas (Reverse Geocoding + Math)...
[2025-12-10 09:04:59] [INFO] [SCHED] Procesadas 8 filas (Insertadas/Actualizadas).
[2025-12-10 09:04:59] [INFO] [SCHED] Carga de nuevos datos completada.
[2025-12-10 09:04:59] [INFO] [SCHED] Mantenimiento: Buscando lugares NULL o simples...
[2025-12-10 09:04:59] [INFO] [SCHED] Mantenimiento: Todo limpio.
[2025-12-10 09:04:59] [INFO] [SCHED] Ciclo ETL finalizado con éxito.
[2025-12-10 09:04:59] [INFO] [SCHED] Ciclo completado correctamente.
[2025-12-10 09:04:59] [INFO] [SCHED] 😴 Durmiendo 0s hasta la próxima sincronización: 09:05:00
[2025-12-10 09:05:00] [INFO] [SCHED] ⏰ Inicio del ciclo programado: Extracción y Carga IGP
[2025-12-10 09:05:00] [INFO] [SCHED] Descargando datos IGP desde 2025-12-07 hasta 2025-12-10
[2025-12-10 09:05:00] [INFO] [SCHED] HTTP 200 | Content-Type: application/vnd.openxmlformats-officedocument.spreadsheetml.sheet | bytes: 6920
[2025-12-10 09:05:00] [INFO] [SCHED] Archivo sin cambios (hash idéntico). No se reemplaza el existente.
[2025-12-10 09:05:00] [INFO] [SCHED] Inicio de ciclo ETL IGP V3 (Carga + Geocoding Avanzado)
[2025-12-10 09:05:00] [INFO] [SCHED] Datos leídos: 8 filas.
[2025-12-10 09:05:00] [INFO] [SCHED] Calculando ubicaciones detalladas (Reverse Geocoding + Math)...
[2025-12-10 09:05:00] [INFO] [SCHED] Procesadas 8 filas (Insertadas/Actualizadas).
[2025-12-10 09:05:00] [INFO] [SCHED] Carga de nuevos datos completada.
[2025-12-10 09:05:00] [INFO] [SCHED] Mantenimiento: Buscando lugares NULL o simples...
[2025-12-10 09:05:00] [INFO] [SCHED] Mantenimiento: Todo limpio.
[2025-12-10 09:05:00] [INFO] [SCHED] Ciclo ETL finalizado con éxito.
[2025-12-10 09:05:00] [INFO] [SCHED] Ciclo completado correctamente.
[2025-12-10 09:05:00] [INFO] [SCHED] 😴 Durmiendo 3599s hasta la próxima sincronización: 10:05:00
[2025-12-10 10:04:59] [INFO] [SCHED] ⏰ Inicio del ciclo programado: Extracción y Carga IGP
[2025-12-10 10:04:59] [INFO] [SCHED] Descargando datos IGP desde 2025-12-07 hasta 2025-12-10
[2025-12-10 10:04:59] [INFO] [SCHED] HTTP 200 | Content-Type: application/vnd.openxmlformats-officedocument.spreadsheetml.sheet | bytes: 6920
[2025-12-10 10:04:59] [INFO] [SCHED] Archivo sin cambios (hash idéntico). No se reemplaza el existente.
[2025-12-10 10:04:59] [INFO] [SCHED] Inicio de ciclo ETL IGP V3 (Carga + Geocoding Avanzado)
[2025-12-10 10:04:59] [INFO] [SCHED] Datos leídos: 8 filas.
[2025-12-10 10:04:59] [INFO] [SCHED] Calculando ubicaciones detalladas (Reverse Geocoding + Math)...
[2025-12-10 10:04:59] [INFO] [SCHED] Procesadas 8 filas (Insertadas/Actualizadas).
[2025-12-10 10:04:59] [INFO] [SCHED] Carga de nuevos datos completada.
[2025-12-10 10:04:59] [INFO] [SCHED] Mantenimiento: Buscando lugares NULL o simples...
[2025-12-10 10:04:59] [INFO] [SCHED] Mantenimiento: Todo limpio.
[2025-12-10 10:04:59] [INFO] [SCHED] Ciclo ETL finalizado con éxito.
[2025-12-10 10:04:59] [INFO] [SCHED] Ciclo completado correctamente.
[2025-12-10 10:04:59] [INFO] [SCHED] 😴 Durmiendo 0s hasta la próxima sincronización: 10:05:00
[2025-12-10 10:05:00] [INFO] [SCHED] ⏰ Inicio del ciclo programado: Extracción y Carga IGP
[2025-12-10 10:05:00] [INFO] [SCHED] Descargando datos IGP desde 2025-12-07 hasta 2025-12-10
[2025-12-10 10:05:00] [INFO] [SCHED] HTTP 200 | Content-Type: application/vnd.openxmlformats-officedocument.spreadsheetml.sheet | bytes: 6920
[2025-12-10 10:05:00] [INFO] [SCHED] Archivo sin cambios (hash idéntico). No se reemplaza el existente.
[2025-12-10 10:05:00] [INFO] [SCHED] Inicio de ciclo ETL IGP V3 (Carga + Geocoding Avanzado)
[2025-12-10 10:05:00] [INFO] [SCHED] Datos leídos: 8 filas.
[2025-12-10 10:05:00] [INFO] [SCHED] Calculando ubicaciones detalladas (Reverse Geocoding + Math)...
[2025-12-10 10:05:00] [INFO] [SCHED] Procesadas 8 filas (Insertadas/Actualizadas).
[2025-12-10 10:05:00] [INFO] [SCHED] Carga de nuevos datos completada.
[2025-12-10 10:05:00] [INFO] [SCHED] Mantenimiento: Buscando lugares NULL o simples...
[2025-12-10 10:05:00] [INFO] [SCHED] Mantenimiento: Todo limpio.
[2025-12-10 10:05:00] [INFO] [SCHED] Ciclo ETL finalizado con éxito.
[2025-12-10 10:05:00] [INFO] [SCHED] Ciclo completado correctamente.
[2025-12-10 10:05:00] [INFO] [SCHED] 😴 Durmiendo 3599s hasta la próxima sincronización: 11:05:00
[2025-12-10 11:04:59] [INFO] [SCHED] ⏰ Inicio del ciclo programado: Extracción y Carga IGP
[2025-12-10 11:04:59] [INFO] [SCHED] Descargando datos IGP desde 2025-12-07 hasta 2025-12-10
[2025-12-10 11:04:59] [INFO] [SCHED] HTTP 200 | Content-Type: application/vnd.openxmlformats-officedocument.spreadsheetml.sheet | bytes: 6920
[2025-12-10 11:04:59] [INFO] [SCHED] Archivo sin cambios (hash idéntico). No se reemplaza el existente.
[2025-12-10 11:04:59] [INFO] [SCHED] Inicio de ciclo ETL IGP V3 (Carga + Geocoding Avanzado)
[2025-12-10 11:04:59] [INFO] [SCHED] Datos leídos: 8 filas.
[2025-12-10 11:04:59] [INFO] [SCHED] Calculando ubicaciones detalladas (Reverse Geocoding + Math)...
[2025-12-10 11:04:59] [INFO] [SCHED] Procesadas 8 filas (Insertadas/Actualizadas).
[2025-12-10 11:04:59] [INFO] [SCHED] Carga de nuevos datos completada.
[2025-12-10 11:04:59] [INFO] [SCHED] Mantenimiento: Buscando lugares NULL o simples...
[2025-12-10 11:04:59] [INFO] [SCHED] Mantenimiento: Todo limpio.
[2025-12-10 11:04:59] [INFO] [SCHED] Ciclo ETL finalizado con éxito.
[2025-12-10 11:04:59] [INFO] [SCHED] Ciclo completado correctamente.
[2025-12-10 11:04:59] [INFO] [SCHED] 😴 Durmiendo 0s hasta la próxima sincronización: 11:05:00
[2025-12-10 11:05:00] [INFO] [SCHED] ⏰ Inicio del ciclo programado: Extracción y Carga IGP
[2025-12-10 11:05:00] [INFO] [SCHED] Descargando datos IGP desde 2025-12-07 hasta 2025-12-10
[2025-12-10 11:05:00] [INFO] [SCHED] HTTP 200 | Content-Type: application/vnd.openxmlformats-officedocument.spreadsheetml.sheet | bytes: 6920
[2025-12-10 11:05:00] [INFO] [SCHED] Archivo sin cambios (hash idéntico). No se reemplaza el existente.
[2025-12-10 11:05:00] [INFO] [SCHED] Inicio de ciclo ETL IGP V3 (Carga + Geocoding Avanzado)
[2025-12-10 11:05:00] [INFO] [SCHED] Datos leídos: 8 filas.
[2025-12-10 11:05:00] [INFO] [SCHED] Calculando ubicaciones detalladas (Reverse Geocoding + Math)...
[2025-12-10 11:05:00] [INFO] [SCHED] Procesadas 8 filas (Insertadas/Actualizadas).
[2025-12-10 11:05:00] [INFO] [SCHED] Carga de nuevos datos completada.
[2025-12-10 11:05:00] [INFO] [SCHED] Mantenimiento: Buscando lugares NULL o simples...
[2025-12-10 11:05:00] [INFO] [SCHED] Mantenimiento: Todo limpio.
[2025-12-10 11:05:00] [INFO] [SCHED] Ciclo ETL finalizado con éxito.
[2025-12-10 11:05:00] [INFO] [SCHED] Ciclo completado correctamente.
[2025-12-10 11:05:00] [INFO] [SCHED] 😴 Durmiendo 3599s hasta la próxima sincronización: 12:05:00
[2025-12-10 12:04:59] [INFO] [SCHED] ⏰ Inicio del ciclo programado: Extracción y Carga IGP
[2025-12-10 12:04:59] [INFO] [SCHED] Descargando datos IGP desde 2025-12-07 hasta 2025-12-10
[2025-12-10 12:05:00] [INFO] [SCHED] HTTP 200 | Content-Type: application/vnd.openxmlformats-officedocument.spreadsheetml.sheet | bytes: 6920
[2025-12-10 12:05:00] [INFO] [SCHED] Archivo sin cambios (hash idéntico). No se reemplaza el existente.
[2025-12-10 12:05:00] [INFO] [SCHED] Inicio de ciclo ETL IGP V3 (Carga + Geocoding Avanzado)
[2025-12-10 12:05:00] [INFO] [SCHED] Datos leídos: 8 filas.
[2025-12-10 12:05:00] [INFO] [SCHED] Calculando ubicaciones detalladas (Reverse Geocoding + Math)...
[2025-12-10 12:05:00] [INFO] [SCHED] Procesadas 8 filas (Insertadas/Actualizadas).
[2025-12-10 12:05:00] [INFO] [SCHED] Carga de nuevos datos completada.
[2025-12-10 12:05:00] [INFO] [SCHED] Mantenimiento: Buscando lugares NULL o simples...
[2025-12-10 12:05:00] [INFO] [SCHED] Mantenimiento: Todo limpio.
[2025-12-10 12:05:00] [INFO] [SCHED] Ciclo ETL finalizado con éxito.
[2025-12-10 12:05:00] [INFO] [SCHED] Ciclo completado correctamente.
[2025-12-10 12:05:00] [INFO] [SCHED] 😴 Durmiendo 3599s hasta la próxima sincronización: 13:05:00
[2025-12-10 13:05:00] [INFO] [SCHED] ⏰ Inicio del ciclo programado: Extracción y Carga IGP
[2025-12-10 13:05:00] [INFO] [SCHED] Descargando datos IGP desde 2025-12-07 hasta 2025-12-10
[2025-12-10 13:05:00] [INFO] [SCHED] HTTP 200 | Content-Type: application/vnd.openxmlformats-officedocument.spreadsheetml.sheet | bytes: 6920
[2025-12-10 13:05:00] [INFO] [SCHED] Archivo sin cambios (hash idéntico). No se reemplaza el existente.
[2025-12-10 13:05:00] [INFO] [SCHED] Inicio de ciclo ETL IGP V3 (Carga + Geocoding Avanzado)
[2025-12-10 13:05:00] [INFO] [SCHED] Datos leídos: 8 filas.
[2025-12-10 13:05:00] [INFO] [SCHED] Calculando ubicaciones detalladas (Reverse Geocoding + Math)...
[2025-12-10 13:05:00] [INFO] [SCHED] Procesadas 8 filas (Insertadas/Actualizadas).
[2025-12-10 13:05:00] [INFO] [SCHED] Carga de nuevos datos completada.
[2025-12-10 13:05:00] [INFO] [SCHED] Mantenimiento: Buscando lugares NULL o simples...
[2025-12-10 13:05:00] [INFO] [SCHED] Mantenimiento: Todo limpio.
[2025-12-10 13:05:00] [INFO] [SCHED] Ciclo ETL finalizado con éxito.
[2025-12-10 13:05:00] [INFO] [SCHED] Ciclo completado correctamente.
[2025-12-10 13:05:00] [INFO] [SCHED] 😴 Durmiendo 3599s hasta la próxima sincronización: 14:05:00
[2025-12-10 14:05:00] [INFO] [SCHED] ⏰ Inicio del ciclo programado: Extracción y Carga IGP
[2025-12-10 14:05:00] [INFO] [SCHED] Descargando datos IGP desde 2025-12-07 hasta 2025-12-10
[2025-12-10 14:05:00] [INFO] [SCHED] HTTP 200 | Content-Type: application/vnd.openxmlformats-officedocument.spreadsheetml.sheet | bytes: 6920
[2025-12-10 14:05:00] [INFO] [SCHED] Archivo sin cambios (hash idéntico). No se reemplaza el existente.
[2025-12-10 14:05:00] [INFO] [SCHED] Inicio de ciclo ETL IGP V3 (Carga + Geocoding Avanzado)
[2025-12-10 14:05:00] [INFO] [SCHED] Datos leídos: 8 filas.
[2025-12-10 14:05:00] [INFO] [SCHED] Calculando ubicaciones detalladas (Reverse Geocoding + Math)...
[2025-12-10 14:05:00] [INFO] [SCHED] Procesadas 8 filas (Insertadas/Actualizadas).
[2025-12-10 14:05:00] [INFO] [SCHED] Carga de nuevos datos completada.
[2025-12-10 14:05:00] [INFO] [SCHED] Mantenimiento: Buscando lugares NULL o simples...
[2025-12-10 14:05:00] [INFO] [SCHED] Mantenimiento: Todo limpio.
[2025-12-10 14:05:00] [INFO] [SCHED] Ciclo ETL finalizado con éxito.
[2025-12-10 14:05:00] [INFO] [SCHED] Ciclo completado correctamente.
[2025-12-10 14:05:00] [INFO] [SCHED] 😴 Durmiendo 3599s hasta la próxima sincronización: 15:05:00
[2025-12-10 15:05:00] [INFO] [SCHED] ⏰ Inicio del ciclo programado: Extracción y Carga IGP
[2025-12-10 15:05:00] [INFO] [SCHED] Descargando datos IGP desde 2025-12-07 hasta 2025-12-10
[2025-12-10 15:05:00] [INFO] [SCHED] HTTP 200 | Content-Type: application/vnd.openxmlformats-officedocument.spreadsheetml.sheet | bytes: 6920
[2025-12-10 15:05:00] [INFO] [SCHED] Archivo sin cambios (hash idéntico). No se reemplaza el existente.
[2025-12-10 15:05:00] [INFO] [SCHED] Inicio de ciclo ETL IGP V3 (Carga + Geocoding Avanzado)
[2025-12-10 15:05:00] [INFO] [SCHED] Datos leídos: 8 filas.
[2025-12-10 15:05:00] [INFO] [SCHED] Calculando ubicaciones detalladas (Reverse Geocoding + Math)...
[2025-12-10 15:05:00] [INFO] [SCHED] Procesadas 8 filas (Insertadas/Actualizadas).
[2025-12-10 15:05:00] [INFO] [SCHED] Carga de nuevos datos completada.
[2025-12-10 15:05:00] [INFO] [SCHED] Mantenimiento: Buscando lugares NULL o simples...
[2025-12-10 15:05:00] [INFO] [SCHED] Mantenimiento: Todo limpio.
[2025-12-10 15:05:00] [INFO] [SCHED] Ciclo ETL finalizado con éxito.
[2025-12-10 15:05:00] [INFO] [SCHED] Ciclo completado correctamente.
[2025-12-10 15:05:00] [INFO] [SCHED] 😴 Durmiendo 3599s hasta la próxima sincronización: 16:05:00
[2025-12-10 16:05:00] [INFO] [SCHED] ⏰ Inicio del ciclo programado: Extracción y Carga IGP
[2025-12-10 16:05:00] [INFO] [SCHED] Descargando datos IGP desde 2025-12-07 hasta 2025-12-10
[2025-12-10 16:05:00] [INFO] [SCHED] HTTP 200 | Content-Type: application/vnd.openxmlformats-officedocument.spreadsheetml.sheet | bytes: 6920
[2025-12-10 16:05:00] [INFO] [SCHED] Archivo sin cambios (hash idéntico). No se reemplaza el existente.
[2025-12-10 16:05:00] [INFO] [SCHED] Inicio de ciclo ETL IGP V3 (Carga + Geocoding Avanzado)
[2025-12-10 16:05:00] [INFO] [SCHED] Datos leídos: 8 filas.
[2025-12-10 16:05:00] [INFO] [SCHED] Calculando ubicaciones detalladas (Reverse Geocoding + Math)...
[2025-12-10 16:05:00] [INFO] [SCHED] Procesadas 8 filas (Insertadas/Actualizadas).
[2025-12-10 16:05:00] [INFO] [SCHED] Carga de nuevos datos completada.
[2025-12-10 16:05:00] [INFO] [SCHED] Mantenimiento: Buscando lugares NULL o simples...
[2025-12-10 16:05:00] [INFO] [SCHED] Mantenimiento: Todo limpio.
[2025-12-10 16:05:00] [INFO] [SCHED] Ciclo ETL finalizado con éxito.
[2025-12-10 16:05:00] [INFO] [SCHED] Ciclo completado correctamente.
[2025-12-10 16:05:00] [INFO] [SCHED] 😴 Durmiendo 3599s hasta la próxima sincronización: 17:05:00
[2025-12-10 17:05:00] [INFO] [SCHED] ⏰ Inicio del ciclo programado: Extracción y Carga IGP
[2025-12-10 17:05:00] [INFO] [SCHED] Descargando datos IGP desde 2025-12-07 hasta 2025-12-10
[2025-12-10 17:05:00] [INFO] [SCHED] HTTP 200 | Content-Type: application/vnd.openxmlformats-officedocument.spreadsheetml.sheet | bytes: 6920
[2025-12-10 17:05:00] [INFO] [SCHED] Archivo sin cambios (hash idéntico). No se reemplaza el existente.
[2025-12-10 17:05:00] [INFO] [SCHED] Inicio de ciclo ETL IGP V3 (Carga + Geocoding Avanzado)
[2025-12-10 17:05:00] [INFO] [SCHED] Datos leídos: 8 filas.
[2025-12-10 17:05:00] [INFO] [SCHED] Calculando ubicaciones detalladas (Reverse Geocoding + Math)...
[2025-12-10 17:05:01] [INFO] [SCHED] Procesadas 8 filas (Insertadas/Actualizadas).
[2025-12-10 17:05:01] [INFO] [SCHED] Carga de nuevos datos completada.
[2025-12-10 17:05:01] [INFO] [SCHED] Mantenimiento: Buscando lugares NULL o simples...
[2025-12-10 17:05:01] [INFO] [SCHED] Mantenimiento: Todo limpio.
[2025-12-10 17:05:01] [INFO] [SCHED] Ciclo ETL finalizado con éxito.
[2025-12-10 17:05:01] [INFO] [SCHED] Ciclo completado correctamente.
[2025-12-10 17:05:01] [INFO] [SCHED] 😴 Durmiendo 3598s hasta la próxima sincronización: 18:05:00
[2025-12-10 18:04:59] [INFO] [SCHED] ⏰ Inicio del ciclo programado: Extracción y Carga IGP
[2025-12-10 18:04:59] [INFO] [SCHED] Descargando datos IGP desde 2025-12-07 hasta 2025-12-10
[2025-12-10 18:04:59] [INFO] [SCHED] HTTP 200 | Content-Type: application/vnd.openxmlformats-officedocument.spreadsheetml.sheet | bytes: 6920
[2025-12-10 18:04:59] [INFO] [SCHED] Archivo sin cambios (hash idéntico). No se reemplaza el existente.
[2025-12-10 18:04:59] [INFO] [SCHED] Inicio de ciclo ETL IGP V3 (Carga + Geocoding Avanzado)
[2025-12-10 18:04:59] [INFO] [SCHED] Datos leídos: 8 filas.
[2025-12-10 18:04:59] [INFO] [SCHED] Calculando ubicaciones detalladas (Reverse Geocoding + Math)...
[2025-12-10 18:04:59] [INFO] [SCHED] Procesadas 8 filas (Insertadas/Actualizadas).
[2025-12-10 18:04:59] [INFO] [SCHED] Carga de nuevos datos completada.
[2025-12-10 18:04:59] [INFO] [SCHED] Mantenimiento: Buscando lugares NULL o simples...
[2025-12-10 18:04:59] [INFO] [SCHED] Mantenimiento: Todo limpio.
[2025-12-10 18:04:59] [INFO] [SCHED] Ciclo ETL finalizado con éxito.
[2025-12-10 18:04:59] [INFO] [SCHED] Ciclo completado correctamente.
[2025-12-10 18:04:59] [INFO] [SCHED] 😴 Durmiendo 0s hasta la próxima sincronización: 18:05:00
[2025-12-10 18:05:00] [INFO] [SCHED] ⏰ Inicio del ciclo programado: Extracción y Carga IGP
[2025-12-10 18:05:00] [INFO] [SCHED] Descargando datos IGP desde 2025-12-07 hasta 2025-12-10
[2025-12-10 18:05:00] [INFO] [SCHED] HTTP 200 | Content-Type: application/vnd.openxmlformats-officedocument.spreadsheetml.sheet | bytes: 6920
[2025-12-10 18:05:00] [INFO] [SCHED] Archivo sin cambios (hash idéntico). No se reemplaza el existente.
[2025-12-10 18:05:00] [INFO] [SCHED] Inicio de ciclo ETL IGP V3 (Carga + Geocoding Avanzado)
[2025-12-10 18:05:00] [INFO] [SCHED] Datos leídos: 8 filas.
[2025-12-10 18:05:00] [INFO] [SCHED] Calculando ubicaciones detalladas (Reverse Geocoding + Math)...
[2025-12-10 18:05:00] [INFO] [SCHED] Procesadas 8 filas (Insertadas/Actualizadas).
[2025-12-10 18:05:00] [INFO] [SCHED] Carga de nuevos datos completada.
[2025-12-10 18:05:00] [INFO] [SCHED] Mantenimiento: Buscando lugares NULL o simples...
[2025-12-10 18:05:00] [INFO] [SCHED] Mantenimiento: Todo limpio.
[2025-12-10 18:05:00] [INFO] [SCHED] Ciclo ETL finalizado con éxito.
[2025-12-10 18:05:00] [INFO] [SCHED] Ciclo completado correctamente.
[2025-12-10 18:05:00] [INFO] [SCHED] 😴 Durmiendo 3599s hasta la próxima sincronización: 19:05:00
[2025-12-10 19:04:59] [INFO] [SCHED] ⏰ Inicio del ciclo programado: Extracción y Carga IGP
[2025-12-10 19:04:59] [INFO] [SCHED] Descargando datos IGP desde 2025-12-07 hasta 2025-12-10
[2025-12-10 19:04:59] [INFO] [SCHED] HTTP 200 | Content-Type: application/vnd.openxmlformats-officedocument.spreadsheetml.sheet | bytes: 6920
[2025-12-10 19:04:59] [INFO] [SCHED] Archivo sin cambios (hash idéntico). No se reemplaza el existente.
[2025-12-10 19:04:59] [INFO] [SCHED] Inicio de ciclo ETL IGP V3 (Carga + Geocoding Avanzado)
[2025-12-10 19:04:59] [INFO] [SCHED] Datos leídos: 8 filas.
[2025-12-10 19:04:59] [INFO] [SCHED] Calculando ubicaciones detalladas (Reverse Geocoding + Math)...
[2025-12-10 19:04:59] [INFO] [SCHED] Procesadas 8 filas (Insertadas/Actualizadas).
[2025-12-10 19:04:59] [INFO] [SCHED] Carga de nuevos datos completada.
[2025-12-10 19:04:59] [INFO] [SCHED] Mantenimiento: Buscando lugares NULL o simples...
[2025-12-10 19:04:59] [INFO] [SCHED] Mantenimiento: Todo limpio.
[2025-12-10 19:04:59] [INFO] [SCHED] Ciclo ETL finalizado con éxito.
[2025-12-10 19:04:59] [INFO] [SCHED] Ciclo completado correctamente.
[2025-12-10 19:04:59] [INFO] [SCHED] 😴 Durmiendo 0s hasta la próxima sincronización: 19:05:00
[2025-12-10 19:05:00] [INFO] [SCHED] ⏰ Inicio del ciclo programado: Extracción y Carga IGP
[2025-12-10 19:05:00] [INFO] [SCHED] Descargando datos IGP desde 2025-12-07 hasta 2025-12-10
[2025-12-10 19:05:00] [INFO] [SCHED] HTTP 200 | Content-Type: application/vnd.openxmlformats-officedocument.spreadsheetml.sheet | bytes: 6920
[2025-12-10 19:05:00] [INFO] [SCHED] Archivo sin cambios (hash idéntico). No se reemplaza el existente.
[2025-12-10 19:05:00] [INFO] [SCHED] Inicio de ciclo ETL IGP V3 (Carga + Geocoding Avanzado)
[2025-12-10 19:05:00] [INFO] [SCHED] Datos leídos: 8 filas.
[2025-12-10 19:05:00] [INFO] [SCHED] Calculando ubicaciones detalladas (Reverse Geocoding + Math)...
[2025-12-10 19:05:00] [INFO] [SCHED] Procesadas 8 filas (Insertadas/Actualizadas).
[2025-12-10 19:05:00] [INFO] [SCHED] Carga de nuevos datos completada.
[2025-12-10 19:05:00] [INFO] [SCHED] Mantenimiento: Buscando lugares NULL o simples...
[2025-12-10 19:05:00] [INFO] [SCHED] Mantenimiento: Todo limpio.
[2025-12-10 19:05:00] [INFO] [SCHED] Ciclo ETL finalizado con éxito.
[2025-12-10 19:05:00] [INFO] [SCHED] Ciclo completado correctamente.
[2025-12-10 19:05:00] [INFO] [SCHED] 😴 Durmiendo 3599s hasta la próxima sincronización: 20:05:00
[2025-12-10 20:04:59] [INFO] [SCHED] ⏰ Inicio del ciclo programado: Extracción y Carga IGP
[2025-12-10 20:04:59] [INFO] [SCHED] Descargando datos IGP desde 2025-12-07 hasta 2025-12-10
[2025-12-10 20:04:59] [INFO] [SCHED] HTTP 200 | Content-Type: application/vnd.openxmlformats-officedocument.spreadsheetml.sheet | bytes: 6920
[2025-12-10 20:04:59] [INFO] [SCHED] Archivo sin cambios (hash idéntico). No se reemplaza el existente.
[2025-12-10 20:04:59] [INFO] [SCHED] Inicio de ciclo ETL IGP V3 (Carga + Geocoding Avanzado)
[2025-12-10 20:04:59] [INFO] [SCHED] Datos leídos: 8 filas.
[2025-12-10 20:04:59] [INFO] [SCHED] Calculando ubicaciones detalladas (Reverse Geocoding + Math)...
[2025-12-10 20:04:59] [INFO] [SCHED] Procesadas 8 filas (Insertadas/Actualizadas).
[2025-12-10 20:04:59] [INFO] [SCHED] Carga de nuevos datos completada.
[2025-12-10 20:04:59] [INFO] [SCHED] Mantenimiento: Buscando lugares NULL o simples...
[2025-12-10 20:04:59] [INFO] [SCHED] Mantenimiento: Todo limpio.
[2025-12-10 20:04:59] [INFO] [SCHED] Ciclo ETL finalizado con éxito.
[2025-12-10 20:04:59] [INFO] [SCHED] Ciclo completado correctamente.
[2025-12-10 20:04:59] [INFO] [SCHED] 😴 Durmiendo 0s hasta la próxima sincronización: 20:05:00
[2025-12-10 20:05:00] [INFO] [SCHED] ⏰ Inicio del ciclo programado: Extracción y Carga IGP
[2025-12-10 20:05:00] [INFO] [SCHED] Descargando datos IGP desde 2025-12-07 hasta 2025-12-10
[2025-12-10 20:05:00] [INFO] [SCHED] HTTP 200 | Content-Type: application/vnd.openxmlformats-officedocument.spreadsheetml.sheet | bytes: 6920
[2025-12-10 20:05:00] [INFO] [SCHED] Archivo sin cambios (hash idéntico). No se reemplaza el existente.
[2025-12-10 20:05:00] [INFO] [SCHED] Inicio de ciclo ETL IGP V3 (Carga + Geocoding Avanzado)
[2025-12-10 20:05:00] [INFO] [SCHED] Datos leídos: 8 filas.
[2025-12-10 20:05:00] [INFO] [SCHED] Calculando ubicaciones detalladas (Reverse Geocoding + Math)...
[2025-12-10 20:05:00] [INFO] [SCHED] Procesadas 8 filas (Insertadas/Actualizadas).
[2025-12-10 20:05:00] [INFO] [SCHED] Carga de nuevos datos completada.
[2025-12-10 20:05:00] [INFO] [SCHED] Mantenimiento: Buscando lugares NULL o simples...
[2025-12-10 20:05:00] [INFO] [SCHED] Mantenimiento: Todo limpio.
[2025-12-10 20:05:00] [INFO] [SCHED] Ciclo ETL finalizado con éxito.
[2025-12-10 20:05:00] [INFO] [SCHED] Ciclo completado correctamente.
[2025-12-10 20:05:00] [INFO] [SCHED] 😴 Durmiendo 3599s hasta la próxima sincronización: 21:05:00
[2025-12-10 21:04:59] [INFO] [SCHED] ⏰ Inicio del ciclo programado: Extracción y Carga IGP
[2025-12-10 21:04:59] [INFO] [SCHED] Descargando datos IGP desde 2025-12-07 hasta 2025-12-10
[2025-12-10 21:04:59] [INFO] [SCHED] HTTP 200 | Content-Type: application/vnd.openxmlformats-officedocument.spreadsheetml.sheet | bytes: 6920
[2025-12-10 21:04:59] [INFO] [SCHED] Archivo sin cambios (hash idéntico). No se reemplaza el existente.
[2025-12-10 21:04:59] [INFO] [SCHED] Inicio de ciclo ETL IGP V3 (Carga + Geocoding Avanzado)
[2025-12-10 21:04:59] [INFO] [SCHED] Datos leídos: 8 filas.
[2025-12-10 21:04:59] [INFO] [SCHED] Calculando ubicaciones detalladas (Reverse Geocoding + Math)...
[2025-12-10 21:05:00] [INFO] [SCHED] Procesadas 8 filas (Insertadas/Actualizadas).
[2025-12-10 21:05:00] [INFO] [SCHED] Carga de nuevos datos completada.
[2025-12-10 21:05:00] [INFO] [SCHED] Mantenimiento: Buscando lugares NULL o simples...
[2025-12-10 21:05:00] [INFO] [SCHED] Mantenimiento: Todo limpio.
[2025-12-10 21:05:00] [INFO] [SCHED] Ciclo ETL finalizado con éxito.
[2025-12-10 21:05:00] [INFO] [SCHED] Ciclo completado correctamente.
[2025-12-10 21:05:00] [INFO] [SCHED] 😴 Durmiendo 3599s hasta la próxima sincronización: 22:05:00
[2025-12-10 22:04:59] [INFO] [SCHED] ⏰ Inicio del ciclo programado: Extracción y Carga IGP
[2025-12-10 22:04:59] [INFO] [SCHED] Descargando datos IGP desde 2025-12-07 hasta 2025-12-10
[2025-12-10 22:05:00] [INFO] [SCHED] HTTP 200 | Content-Type: application/vnd.openxmlformats-officedocument.spreadsheetml.sheet | bytes: 6920
[2025-12-10 22:05:00] [INFO] [SCHED] Archivo sin cambios (hash idéntico). No se reemplaza el existente.
[2025-12-10 22:05:00] [INFO] [SCHED] Inicio de ciclo ETL IGP V3 (Carga + Geocoding Avanzado)
[2025-12-10 22:05:00] [INFO] [SCHED] Datos leídos: 8 filas.
[2025-12-10 22:05:00] [INFO] [SCHED] Calculando ubicaciones detalladas (Reverse Geocoding + Math)...
[2025-12-10 22:05:00] [INFO] [SCHED] Procesadas 8 filas (Insertadas/Actualizadas).
[2025-12-10 22:05:00] [INFO] [SCHED] Carga de nuevos datos completada.
[2025-12-10 22:05:00] [INFO] [SCHED] Mantenimiento: Buscando lugares NULL o simples...
[2025-12-10 22:05:00] [INFO] [SCHED] Mantenimiento: Todo limpio.
[2025-12-10 22:05:00] [INFO] [SCHED] Ciclo ETL finalizado con éxito.
[2025-12-10 22:05:00] [INFO] [SCHED] Ciclo completado correctamente.
[2025-12-10 22:05:00] [INFO] [SCHED] 😴 Durmiendo 3599s hasta la próxima sincronización: 23:05:00
[2025-12-10 23:05:00] [INFO] [SCHED] ⏰ Inicio del ciclo programado: Extracción y Carga IGP
[2025-12-10 23:05:00] [INFO] [SCHED] Descargando datos IGP desde 2025-12-07 hasta 2025-12-10
[2025-12-10 23:05:00] [INFO] [SCHED] HTTP 200 | Content-Type: application/vnd.openxmlformats-officedocument.spreadsheetml.sheet | bytes: 6920
[2025-12-10 23:05:00] [INFO] [SCHED] Archivo sin cambios (hash idéntico). No se reemplaza el existente.
[2025-12-10 23:05:00] [INFO] [SCHED] Inicio de ciclo ETL IGP V3 (Carga + Geocoding Avanzado)
[2025-12-10 23:05:00] [INFO] [SCHED] Datos leídos: 8 filas.
[2025-12-10 23:05:00] [INFO] [SCHED] Calculando ubicaciones detalladas (Reverse Geocoding + Math)...
[2025-12-10 23:05:00] [INFO] [SCHED] Procesadas 8 filas (Insertadas/Actualizadas).
[2025-12-10 23:05:00] [INFO] [SCHED] Carga de nuevos datos completada.
[2025-12-10 23:05:00] [INFO] [SCHED] Mantenimiento: Buscando lugares NULL o simples...
[2025-12-10 23:05:00] [INFO] [SCHED] Mantenimiento: Todo limpio.
[2025-12-10 23:05:00] [INFO] [SCHED] Ciclo ETL finalizado con éxito.
[2025-12-10 23:05:00] [INFO] [SCHED] Ciclo completado correctamente.
[2025-12-10 23:05:00] [INFO] [SCHED] 😴 Durmiendo 3599s hasta la próxima sincronización: 00:05:00
[2025-12-11 00:05:00] [INFO] [SCHED] ⏰ Inicio del ciclo programado: Extracción y Carga IGP
[2025-12-11 00:05:00] [INFO] [SCHED] Descargando datos IGP desde 2025-12-08 hasta 2025-12-11
[2025-12-11 00:05:01] [INFO] [SCHED] HTTP 200 | Content-Type: application/vnd.openxmlformats-officedocument.spreadsheetml.sheet | bytes: 6773
[2025-12-11 00:05:01] [INFO] [SCHED] Archivo actualizado correctamente: /app/data/igp/landing/igp-datos-sismicos.xlsx (6,773 bytes)
[2025-12-11 00:05:01] [INFO] [SCHED] Inicio de ciclo ETL IGP V3 (Carga + Geocoding Avanzado)
[2025-12-11 00:05:01] [INFO] [SCHED] Datos leídos: 5 filas.
[2025-12-11 00:05:01] [INFO] [SCHED] Calculando ubicaciones detalladas (Reverse Geocoding + Math)...
[2025-12-11 00:05:01] [INFO] [SCHED] Procesadas 5 filas (Insertadas/Actualizadas).
[2025-12-11 00:05:01] [INFO] [SCHED] Carga de nuevos datos completada.
[2025-12-11 00:05:01] [INFO] [SCHED] Mantenimiento: Buscando lugares NULL o simples...
[2025-12-11 00:05:02] [INFO] [SCHED] Mantenimiento: Todo limpio.
[2025-12-11 00:05:02] [INFO] [SCHED] Ciclo ETL finalizado con éxito.
[2025-12-11 00:05:02] [INFO] [SCHED] Ciclo completado correctamente.
[2025-12-11 00:05:02] [INFO] [SCHED] 😴 Durmiendo 3597s hasta la próxima sincronización: 01:05:00
[2025-12-11 01:05:00] [INFO] [SCHED] ⏰ Inicio del ciclo programado: Extracción y Carga IGP
[2025-12-11 01:05:00] [INFO] [SCHED] Descargando datos IGP desde 2025-12-08 hasta 2025-12-11
[2025-12-11 01:05:00] [INFO] [SCHED] HTTP 200 | Content-Type: application/vnd.openxmlformats-officedocument.spreadsheetml.sheet | bytes: 6773
[2025-12-11 01:05:00] [INFO] [SCHED] Archivo sin cambios (hash idéntico). No se reemplaza el existente.
[2025-12-11 01:05:00] [INFO] [SCHED] Inicio de ciclo ETL IGP V3 (Carga + Geocoding Avanzado)
[2025-12-11 01:05:00] [INFO] [SCHED] Datos leídos: 5 filas.
[2025-12-11 01:05:00] [INFO] [SCHED] Calculando ubicaciones detalladas (Reverse Geocoding + Math)...
[2025-12-11 01:05:00] [INFO] [SCHED] Procesadas 5 filas (Insertadas/Actualizadas).
[2025-12-11 01:05:00] [INFO] [SCHED] Carga de nuevos datos completada.
[2025-12-11 01:05:00] [INFO] [SCHED] Mantenimiento: Buscando lugares NULL o simples...
[2025-12-11 01:05:00] [INFO] [SCHED] Mantenimiento: Todo limpio.
[2025-12-11 01:05:00] [INFO] [SCHED] Ciclo ETL finalizado con éxito.
[2025-12-11 01:05:00] [INFO] [SCHED] Ciclo completado correctamente.
[2025-12-11 01:05:00] [INFO] [SCHED] 😴 Durmiendo 3599s hasta la próxima sincronización: 02:05:00
[2025-12-11 02:05:00] [INFO] [SCHED] ⏰ Inicio del ciclo programado: Extracción y Carga IGP
[2025-12-11 02:05:00] [INFO] [SCHED] Descargando datos IGP desde 2025-12-08 hasta 2025-12-11
[2025-12-11 02:05:00] [INFO] [SCHED] HTTP 200 | Content-Type: application/vnd.openxmlformats-officedocument.spreadsheetml.sheet | bytes: 6773
[2025-12-11 02:05:00] [INFO] [SCHED] Archivo sin cambios (hash idéntico). No se reemplaza el existente.
[2025-12-11 02:05:00] [INFO] [SCHED] Inicio de ciclo ETL IGP V3 (Carga + Geocoding Avanzado)
[2025-12-11 02:05:00] [INFO] [SCHED] Datos leídos: 5 filas.
[2025-12-11 02:05:00] [INFO] [SCHED] Calculando ubicaciones detalladas (Reverse Geocoding + Math)...
[2025-12-11 02:05:00] [INFO] [SCHED] Procesadas 5 filas (Insertadas/Actualizadas).
[2025-12-11 02:05:00] [INFO] [SCHED] Carga de nuevos datos completada.
[2025-12-11 02:05:00] [INFO] [SCHED] Mantenimiento: Buscando lugares NULL o simples...
[2025-12-11 02:05:00] [INFO] [SCHED] Mantenimiento: Todo limpio.
[2025-12-11 02:05:00] [INFO] [SCHED] Ciclo ETL finalizado con éxito.
[2025-12-11 02:05:00] [INFO] [SCHED] Ciclo completado correctamente.
[2025-12-11 02:05:00] [INFO] [SCHED] 😴 Durmiendo 3599s hasta la próxima sincronización: 03:05:00
[2025-12-11 03:04:59] [INFO] [SCHED] ⏰ Inicio del ciclo programado: Extracción y Carga IGP
[2025-12-11 03:04:59] [INFO] [SCHED] Descargando datos IGP desde 2025-12-08 hasta 2025-12-11
[2025-12-11 03:04:59] [INFO] [SCHED] HTTP 200 | Content-Type: application/vnd.openxmlformats-officedocument.spreadsheetml.sheet | bytes: 6773
[2025-12-11 03:04:59] [INFO] [SCHED] Archivo sin cambios (hash idéntico). No se reemplaza el existente.
[2025-12-11 03:04:59] [INFO] [SCHED] Inicio de ciclo ETL IGP V3 (Carga + Geocoding Avanzado)
[2025-12-11 03:04:59] [INFO] [SCHED] Datos leídos: 5 filas.
[2025-12-11 03:04:59] [INFO] [SCHED] Calculando ubicaciones detalladas (Reverse Geocoding + Math)...
[2025-12-11 03:05:00] [INFO] [SCHED] Procesadas 5 filas (Insertadas/Actualizadas).
[2025-12-11 03:05:00] [INFO] [SCHED] Carga de nuevos datos completada.
[2025-12-11 03:05:00] [INFO] [SCHED] Mantenimiento: Buscando lugares NULL o simples...
[2025-12-11 03:05:00] [INFO] [SCHED] Mantenimiento: Todo limpio.
[2025-12-11 03:05:00] [INFO] [SCHED] Ciclo ETL finalizado con éxito.
[2025-12-11 03:05:00] [INFO] [SCHED] Ciclo completado correctamente.
[2025-12-11 03:05:00] [INFO] [SCHED] 😴 Durmiendo 3599s hasta la próxima sincronización: 04:05:00
[2025-12-11 04:04:59] [INFO] [SCHED] ⏰ Inicio del ciclo programado: Extracción y Carga IGP
[2025-12-11 04:04:59] [INFO] [SCHED] Descargando datos IGP desde 2025-12-08 hasta 2025-12-11
[2025-12-11 04:04:59] [INFO] [SCHED] HTTP 200 | Content-Type: application/vnd.openxmlformats-officedocument.spreadsheetml.sheet | bytes: 6773
[2025-12-11 04:04:59] [INFO] [SCHED] Archivo sin cambios (hash idéntico). No se reemplaza el existente.
[2025-12-11 04:04:59] [INFO] [SCHED] Inicio de ciclo ETL IGP V3 (Carga + Geocoding Avanzado)
[2025-12-11 04:04:59] [INFO] [SCHED] Datos leídos: 5 filas.
[2025-12-11 04:04:59] [INFO] [SCHED] Calculando ubicaciones detalladas (Reverse Geocoding + Math)...
[2025-12-11 04:04:59] [INFO] [SCHED] Procesadas 5 filas (Insertadas/Actualizadas).
[2025-12-11 04:04:59] [INFO] [SCHED] Carga de nuevos datos completada.
[2025-12-11 04:04:59] [INFO] [SCHED] Mantenimiento: Buscando lugares NULL o simples...
[2025-12-11 04:04:59] [INFO] [SCHED] Mantenimiento: Todo limpio.
[2025-12-11 04:04:59] [INFO] [SCHED] Ciclo ETL finalizado con éxito.
[2025-12-11 04:04:59] [INFO] [SCHED] Ciclo completado correctamente.
[2025-12-11 04:04:59] [INFO] [SCHED] 😴 Durmiendo 0s hasta la próxima sincronización: 04:05:00
[2025-12-11 04:05:00] [INFO] [SCHED] ⏰ Inicio del ciclo programado: Extracción y Carga IGP
[2025-12-11 04:05:00] [INFO] [SCHED] Descargando datos IGP desde 2025-12-08 hasta 2025-12-11
[2025-12-11 04:05:00] [INFO] [SCHED] HTTP 200 | Content-Type: application/vnd.openxmlformats-officedocument.spreadsheetml.sheet | bytes: 6773
[2025-12-11 04:05:00] [INFO] [SCHED] Archivo sin cambios (hash idéntico). No se reemplaza el existente.
[2025-12-11 04:05:00] [INFO] [SCHED] Inicio de ciclo ETL IGP V3 (Carga + Geocoding Avanzado)
[2025-12-11 04:05:00] [INFO] [SCHED] Datos leídos: 5 filas.
[2025-12-11 04:05:00] [INFO] [SCHED] Calculando ubicaciones detalladas (Reverse Geocoding + Math)...
[2025-12-11 04:05:00] [INFO] [SCHED] Procesadas 5 filas (Insertadas/Actualizadas).
[2025-12-11 04:05:00] [INFO] [SCHED] Carga de nuevos datos completada.
[2025-12-11 04:05:00] [INFO] [SCHED] Mantenimiento: Buscando lugares NULL o simples...
[2025-12-11 04:05:00] [INFO] [SCHED] Mantenimiento: Todo limpio.
[2025-12-11 04:05:00] [INFO] [SCHED] Ciclo ETL finalizado con éxito.
[2025-12-11 04:05:00] [INFO] [SCHED] Ciclo completado correctamente.
[2025-12-11 04:05:00] [INFO] [SCHED] 😴 Durmiendo 3599s hasta la próxima sincronización: 05:05:00
[2025-12-11 05:04:59] [INFO] [SCHED] ⏰ Inicio del ciclo programado: Extracción y Carga IGP
[2025-12-11 05:04:59] [INFO] [SCHED] Descargando datos IGP desde 2025-12-08 hasta 2025-12-11
[2025-12-11 05:04:59] [INFO] [SCHED] HTTP 200 | Content-Type: application/vnd.openxmlformats-officedocument.spreadsheetml.sheet | bytes: 6773
[2025-12-11 05:04:59] [INFO] [SCHED] Archivo sin cambios (hash idéntico). No se reemplaza el existente.
[2025-12-11 05:04:59] [INFO] [SCHED] Inicio de ciclo ETL IGP V3 (Carga + Geocoding Avanzado)
[2025-12-11 05:04:59] [INFO] [SCHED] Datos leídos: 5 filas.
[2025-12-11 05:04:59] [INFO] [SCHED] Calculando ubicaciones detalladas (Reverse Geocoding + Math)...
[2025-12-11 05:04:59] [INFO] [SCHED] Procesadas 5 filas (Insertadas/Actualizadas).
[2025-12-11 05:04:59] [INFO] [SCHED] Carga de nuevos datos completada.
[2025-12-11 05:04:59] [INFO] [SCHED] Mantenimiento: Buscando lugares NULL o simples...
[2025-12-11 05:04:59] [INFO] [SCHED] Mantenimiento: Todo limpio.
[2025-12-11 05:04:59] [INFO] [SCHED] Ciclo ETL finalizado con éxito.
[2025-12-11 05:04:59] [INFO] [SCHED] Ciclo completado correctamente.
[2025-12-11 05:04:59] [INFO] [SCHED] 😴 Durmiendo 0s hasta la próxima sincronización: 05:05:00
[2025-12-11 05:05:00] [INFO] [SCHED] ⏰ Inicio del ciclo programado: Extracción y Carga IGP
[2025-12-11 05:05:00] [INFO] [SCHED] Descargando datos IGP desde 2025-12-08 hasta 2025-12-11
[2025-12-11 05:05:00] [INFO] [SCHED] HTTP 200 | Content-Type: application/vnd.openxmlformats-officedocument.spreadsheetml.sheet | bytes: 6773
[2025-12-11 05:05:00] [INFO] [SCHED] Archivo sin cambios (hash idéntico). No se reemplaza el existente.
[2025-12-11 05:05:00] [INFO] [SCHED] Inicio de ciclo ETL IGP V3 (Carga + Geocoding Avanzado)
[2025-12-11 05:05:00] [INFO] [SCHED] Datos leídos: 5 filas.
[2025-12-11 05:05:00] [INFO] [SCHED] Calculando ubicaciones detalladas (Reverse Geocoding + Math)...
[2025-12-11 05:05:00] [INFO] [SCHED] Procesadas 5 filas (Insertadas/Actualizadas).
[2025-12-11 05:05:00] [INFO] [SCHED] Carga de nuevos datos completada.
[2025-12-11 05:05:00] [INFO] [SCHED] Mantenimiento: Buscando lugares NULL o simples...
[2025-12-11 05:05:00] [INFO] [SCHED] Mantenimiento: Todo limpio.
[2025-12-11 05:05:00] [INFO] [SCHED] Ciclo ETL finalizado con éxito.
[2025-12-11 05:05:00] [INFO] [SCHED] Ciclo completado correctamente.
[2025-12-11 05:05:00] [INFO] [SCHED] 😴 Durmiendo 3599s hasta la próxima sincronización: 06:05:00
[2025-12-11 06:04:59] [INFO] [SCHED] ⏰ Inicio del ciclo programado: Extracción y Carga IGP
[2025-12-11 06:04:59] [INFO] [SCHED] Descargando datos IGP desde 2025-12-08 hasta 2025-12-11
[2025-12-11 06:04:59] [INFO] [SCHED] HTTP 200 | Content-Type: application/vnd.openxmlformats-officedocument.spreadsheetml.sheet | bytes: 6773
[2025-12-11 06:04:59] [INFO] [SCHED] Archivo sin cambios (hash idéntico). No se reemplaza el existente.
[2025-12-11 06:04:59] [INFO] [SCHED] Inicio de ciclo ETL IGP V3 (Carga + Geocoding Avanzado)
[2025-12-11 06:05:00] [INFO] [SCHED] Datos leídos: 5 filas.
[2025-12-11 06:05:00] [INFO] [SCHED] Calculando ubicaciones detalladas (Reverse Geocoding + Math)...
[2025-12-11 06:05:00] [INFO] [SCHED] Procesadas 5 filas (Insertadas/Actualizadas).
[2025-12-11 06:05:00] [INFO] [SCHED] Carga de nuevos datos completada.
[2025-12-11 06:05:00] [INFO] [SCHED] Mantenimiento: Buscando lugares NULL o simples...
[2025-12-11 06:05:00] [INFO] [SCHED] Mantenimiento: Todo limpio.
[2025-12-11 06:05:00] [INFO] [SCHED] Ciclo ETL finalizado con éxito.
[2025-12-11 06:05:00] [INFO] [SCHED] Ciclo completado correctamente.
[2025-12-11 06:05:00] [INFO] [SCHED] 😴 Durmiendo 3599s hasta la próxima sincronización: 07:05:00
[2025-12-11 07:04:59] [INFO] [SCHED] ⏰ Inicio del ciclo programado: Extracción y Carga IGP
[2025-12-11 07:04:59] [INFO] [SCHED] Descargando datos IGP desde 2025-12-08 hasta 2025-12-11
[2025-12-11 07:05:00] [INFO] [SCHED] HTTP 200 | Content-Type: application/vnd.openxmlformats-officedocument.spreadsheetml.sheet | bytes: 6773
[2025-12-11 07:05:00] [INFO] [SCHED] Archivo sin cambios (hash idéntico). No se reemplaza el existente.
[2025-12-11 07:05:00] [INFO] [SCHED] Inicio de ciclo ETL IGP V3 (Carga + Geocoding Avanzado)
[2025-12-11 07:05:00] [INFO] [SCHED] Datos leídos: 5 filas.
[2025-12-11 07:05:00] [INFO] [SCHED] Calculando ubicaciones detalladas (Reverse Geocoding + Math)...
[2025-12-11 07:05:00] [INFO] [SCHED] Procesadas 5 filas (Insertadas/Actualizadas).
[2025-12-11 07:05:00] [INFO] [SCHED] Carga de nuevos datos completada.
[2025-12-11 07:05:00] [INFO] [SCHED] Mantenimiento: Buscando lugares NULL o simples...
[2025-12-11 07:05:00] [INFO] [SCHED] Mantenimiento: Todo limpio.
[2025-12-11 07:05:00] [INFO] [SCHED] Ciclo ETL finalizado con éxito.
[2025-12-11 07:05:00] [INFO] [SCHED] Ciclo completado correctamente.
[2025-12-11 07:05:00] [INFO] [SCHED] 😴 Durmiendo 3599s hasta la próxima sincronización: 08:05:00
[2025-12-11 08:05:00] [INFO] [SCHED] ⏰ Inicio del ciclo programado: Extracción y Carga IGP
[2025-12-11 08:05:00] [INFO] [SCHED] Descargando datos IGP desde 2025-12-08 hasta 2025-12-11
[2025-12-11 08:05:00] [INFO] [SCHED] HTTP 200 | Content-Type: application/vnd.openxmlformats-officedocument.spreadsheetml.sheet | bytes: 6773
[2025-12-11 08:05:00] [INFO] [SCHED] Archivo sin cambios (hash idéntico). No se reemplaza el existente.
[2025-12-11 08:05:00] [INFO] [SCHED] Inicio de ciclo ETL IGP V3 (Carga + Geocoding Avanzado)
[2025-12-11 08:05:00] [INFO] [SCHED] Datos leídos: 5 filas.
[2025-12-11 08:05:00] [INFO] [SCHED] Calculando ubicaciones detalladas (Reverse Geocoding + Math)...
[2025-12-11 08:05:00] [INFO] [SCHED] Procesadas 5 filas (Insertadas/Actualizadas).
[2025-12-11 08:05:00] [INFO] [SCHED] Carga de nuevos datos completada.
[2025-12-11 08:05:00] [INFO] [SCHED] Mantenimiento: Buscando lugares NULL o simples...
[2025-12-11 08:05:00] [INFO] [SCHED] Mantenimiento: Todo limpio.
[2025-12-11 08:05:00] [INFO] [SCHED] Ciclo ETL finalizado con éxito.
[2025-12-11 08:05:00] [INFO] [SCHED] Ciclo completado correctamente.
[2025-12-11 08:05:00] [INFO] [SCHED] 😴 Durmiendo 3599s hasta la próxima sincronización: 09:05:00
[2025-12-11 09:05:00] [INFO] [SCHED] ⏰ Inicio del ciclo programado: Extracción y Carga IGP
[2025-12-11 09:05:00] [INFO] [SCHED] Descargando datos IGP desde 2025-12-08 hasta 2025-12-11
[2025-12-11 09:05:00] [INFO] [SCHED] HTTP 200 | Content-Type: application/vnd.openxmlformats-officedocument.spreadsheetml.sheet | bytes: 6773
[2025-12-11 09:05:00] [INFO] [SCHED] Archivo sin cambios (hash idéntico). No se reemplaza el existente.
[2025-12-11 09:05:00] [INFO] [SCHED] Inicio de ciclo ETL IGP V3 (Carga + Geocoding Avanzado)
[2025-12-11 09:05:00] [INFO] [SCHED] Datos leídos: 5 filas.
[2025-12-11 09:05:00] [INFO] [SCHED] Calculando ubicaciones detalladas (Reverse Geocoding + Math)...
[2025-12-11 09:05:00] [INFO] [SCHED] Procesadas 5 filas (Insertadas/Actualizadas).
[2025-12-11 09:05:00] [INFO] [SCHED] Carga de nuevos datos completada.
[2025-12-11 09:05:00] [INFO] [SCHED] Mantenimiento: Buscando lugares NULL o simples...
[2025-12-11 09:05:00] [INFO] [SCHED] Mantenimiento: Todo limpio.
[2025-12-11 09:05:00] [INFO] [SCHED] Ciclo ETL finalizado con éxito.
[2025-12-11 09:05:00] [INFO] [SCHED] Ciclo completado correctamente.
[2025-12-11 09:05:00] [INFO] [SCHED] 😴 Durmiendo 3599s hasta la próxima sincronización: 10:05:00
[2025-12-11 10:05:00] [INFO] [SCHED] ⏰ Inicio del ciclo programado: Extracción y Carga IGP
[2025-12-11 10:05:00] [INFO] [SCHED] Descargando datos IGP desde 2025-12-08 hasta 2025-12-11
[2025-12-11 10:05:00] [INFO] [SCHED] HTTP 200 | Content-Type: application/vnd.openxmlformats-officedocument.spreadsheetml.sheet | bytes: 6773
[2025-12-11 10:05:00] [INFO] [SCHED] Archivo sin cambios (hash idéntico). No se reemplaza el existente.
[2025-12-11 10:05:00] [INFO] [SCHED] Inicio de ciclo ETL IGP V3 (Carga + Geocoding Avanzado)
[2025-12-11 10:05:00] [INFO] [SCHED] Datos leídos: 5 filas.
[2025-12-11 10:05:00] [INFO] [SCHED] Calculando ubicaciones detalladas (Reverse Geocoding + Math)...
[2025-12-11 10:05:00] [INFO] [SCHED] Procesadas 5 filas (Insertadas/Actualizadas).
[2025-12-11 10:05:00] [INFO] [SCHED] Carga de nuevos datos completada.
[2025-12-11 10:05:00] [INFO] [SCHED] Mantenimiento: Buscando lugares NULL o simples...
[2025-12-11 10:05:00] [INFO] [SCHED] Mantenimiento: Todo limpio.
[2025-12-11 10:05:00] [INFO] [SCHED] Ciclo ETL finalizado con éxito.
[2025-12-11 10:05:00] [INFO] [SCHED] Ciclo completado correctamente.
[2025-12-11 10:05:00] [INFO] [SCHED] 😴 Durmiendo 3599s hasta la próxima sincronización: 11:05:00
[2025-12-11 11:05:00] [INFO] [SCHED] ⏰ Inicio del ciclo programado: Extracción y Carga IGP
[2025-12-11 11:05:00] [INFO] [SCHED] Descargando datos IGP desde 2025-12-08 hasta 2025-12-11
[2025-12-11 11:05:00] [INFO] [SCHED] HTTP 200 | Content-Type: application/vnd.openxmlformats-officedocument.spreadsheetml.sheet | bytes: 6773
[2025-12-11 11:05:00] [INFO] [SCHED] Archivo sin cambios (hash idéntico). No se reemplaza el existente.
[2025-12-11 11:05:00] [INFO] [SCHED] Inicio de ciclo ETL IGP V3 (Carga + Geocoding Avanzado)
[2025-12-11 11:05:00] [INFO] [SCHED] Datos leídos: 5 filas.
[2025-12-11 11:05:00] [INFO] [SCHED] Calculando ubicaciones detalladas (Reverse Geocoding + Math)...
[2025-12-11 11:05:01] [INFO] [SCHED] Procesadas 5 filas (Insertadas/Actualizadas).
[2025-12-11 11:05:01] [INFO] [SCHED] Carga de nuevos datos completada.
[2025-12-11 11:05:01] [INFO] [SCHED] Mantenimiento: Buscando lugares NULL o simples...
[2025-12-11 11:05:01] [INFO] [SCHED] Mantenimiento: Todo limpio.
[2025-12-11 11:05:01] [INFO] [SCHED] Ciclo ETL finalizado con éxito.
[2025-12-11 11:05:01] [INFO] [SCHED] Ciclo completado correctamente.
[2025-12-11 11:05:01] [INFO] [SCHED] 😴 Durmiendo 3598s hasta la próxima sincronización: 12:05:00
[2025-12-11 12:04:59] [INFO] [SCHED] ⏰ Inicio del ciclo programado: Extracción y Carga IGP
[2025-12-11 12:04:59] [INFO] [SCHED] Descargando datos IGP desde 2025-12-08 hasta 2025-12-11
[2025-12-11 12:04:59] [INFO] [SCHED] HTTP 200 | Content-Type: application/vnd.openxmlformats-officedocument.spreadsheetml.sheet | bytes: 6773
[2025-12-11 12:04:59] [INFO] [SCHED] Archivo sin cambios (hash idéntico). No se reemplaza el existente.
[2025-12-11 12:04:59] [INFO] [SCHED] Inicio de ciclo ETL IGP V3 (Carga + Geocoding Avanzado)
[2025-12-11 12:04:59] [INFO] [SCHED] Datos leídos: 5 filas.
[2025-12-11 12:04:59] [INFO] [SCHED] Calculando ubicaciones detalladas (Reverse Geocoding + Math)...
[2025-12-11 12:05:00] [INFO] [SCHED] Procesadas 5 filas (Insertadas/Actualizadas).
[2025-12-11 12:05:00] [INFO] [SCHED] Carga de nuevos datos completada.
[2025-12-11 12:05:00] [INFO] [SCHED] Mantenimiento: Buscando lugares NULL o simples...
[2025-12-11 12:05:00] [INFO] [SCHED] Mantenimiento: Todo limpio.
[2025-12-11 12:05:00] [INFO] [SCHED] Ciclo ETL finalizado con éxito.
[2025-12-11 12:05:00] [INFO] [SCHED] Ciclo completado correctamente.
[2025-12-11 12:05:00] [INFO] [SCHED] 😴 Durmiendo 3599s hasta la próxima sincronización: 13:05:00
[2025-12-11 13:04:59] [INFO] [SCHED] ⏰ Inicio del ciclo programado: Extracción y Carga IGP
[2025-12-11 13:04:59] [INFO] [SCHED] Descargando datos IGP desde 2025-12-08 hasta 2025-12-11
[2025-12-11 13:04:59] [INFO] [SCHED] HTTP 200 | Content-Type: application/vnd.openxmlformats-officedocument.spreadsheetml.sheet | bytes: 6773
[2025-12-11 13:04:59] [INFO] [SCHED] Archivo sin cambios (hash idéntico). No se reemplaza el existente.
[2025-12-11 13:04:59] [INFO] [SCHED] Inicio de ciclo ETL IGP V3 (Carga + Geocoding Avanzado)
[2025-12-11 13:04:59] [INFO] [SCHED] Datos leídos: 5 filas.
[2025-12-11 13:04:59] [INFO] [SCHED] Calculando ubicaciones detalladas (Reverse Geocoding + Math)...
[2025-12-11 13:04:59] [INFO] [SCHED] Procesadas 5 filas (Insertadas/Actualizadas).
[2025-12-11 13:04:59] [INFO] [SCHED] Carga de nuevos datos completada.
[2025-12-11 13:04:59] [INFO] [SCHED] Mantenimiento: Buscando lugares NULL o simples...
[2025-12-11 13:04:59] [INFO] [SCHED] Mantenimiento: Todo limpio.
[2025-12-11 13:04:59] [INFO] [SCHED] Ciclo ETL finalizado con éxito.
[2025-12-11 13:04:59] [INFO] [SCHED] Ciclo completado correctamente.
[2025-12-11 13:04:59] [INFO] [SCHED] 😴 Durmiendo 0s hasta la próxima sincronización: 13:05:00
[2025-12-11 13:05:00] [INFO] [SCHED] ⏰ Inicio del ciclo programado: Extracción y Carga IGP
[2025-12-11 13:05:00] [INFO] [SCHED] Descargando datos IGP desde 2025-12-08 hasta 2025-12-11
[2025-12-11 13:05:00] [INFO] [SCHED] HTTP 200 | Content-Type: application/vnd.openxmlformats-officedocument.spreadsheetml.sheet | bytes: 6773
[2025-12-11 13:05:00] [INFO] [SCHED] Archivo sin cambios (hash idéntico). No se reemplaza el existente.
[2025-12-11 13:05:00] [INFO] [SCHED] Inicio de ciclo ETL IGP V3 (Carga + Geocoding Avanzado)
[2025-12-11 13:05:00] [INFO] [SCHED] Datos leídos: 5 filas.
[2025-12-11 13:05:00] [INFO] [SCHED] Calculando ubicaciones detalladas (Reverse Geocoding + Math)...
[2025-12-11 13:05:00] [INFO] [SCHED] Procesadas 5 filas (Insertadas/Actualizadas).
[2025-12-11 13:05:00] [INFO] [SCHED] Carga de nuevos datos completada.
[2025-12-11 13:05:00] [INFO] [SCHED] Mantenimiento: Buscando lugares NULL o simples...
[2025-12-11 13:05:00] [INFO] [SCHED] Mantenimiento: Todo limpio.
[2025-12-11 13:05:00] [INFO] [SCHED] Ciclo ETL finalizado con éxito.
[2025-12-11 13:05:00] [INFO] [SCHED] Ciclo completado correctamente.
[2025-12-11 13:05:00] [INFO] [SCHED] 😴 Durmiendo 3599s hasta la próxima sincronización: 14:05:00
[2025-12-11 14:04:59] [INFO] [SCHED] ⏰ Inicio del ciclo programado: Extracción y Carga IGP
[2025-12-11 14:04:59] [INFO] [SCHED] Descargando datos IGP desde 2025-12-08 hasta 2025-12-11
[2025-12-11 14:04:59] [INFO] [SCHED] HTTP 200 | Content-Type: application/vnd.openxmlformats-officedocument.spreadsheetml.sheet | bytes: 6773
[2025-12-11 14:04:59] [INFO] [SCHED] Archivo sin cambios (hash idéntico). No se reemplaza el existente.
[2025-12-11 14:04:59] [INFO] [SCHED] Inicio de ciclo ETL IGP V3 (Carga + Geocoding Avanzado)
[2025-12-11 14:04:59] [INFO] [SCHED] Datos leídos: 5 filas.
[2025-12-11 14:04:59] [INFO] [SCHED] Calculando ubicaciones detalladas (Reverse Geocoding + Math)...
[2025-12-11 14:04:59] [INFO] [SCHED] Procesadas 5 filas (Insertadas/Actualizadas).
[2025-12-11 14:04:59] [INFO] [SCHED] Carga de nuevos datos completada.
[2025-12-11 14:04:59] [INFO] [SCHED] Mantenimiento: Buscando lugares NULL o simples...
[2025-12-11 14:04:59] [INFO] [SCHED] Mantenimiento: Todo limpio.
[2025-12-11 14:04:59] [INFO] [SCHED] Ciclo ETL finalizado con éxito.
[2025-12-11 14:04:59] [INFO] [SCHED] Ciclo completado correctamente.
[2025-12-11 14:04:59] [INFO] [SCHED] 😴 Durmiendo 0s hasta la próxima sincronización: 14:05:00
[2025-12-11 14:05:00] [INFO] [SCHED] ⏰ Inicio del ciclo programado: Extracción y Carga IGP
[2025-12-11 14:05:00] [INFO] [SCHED] Descargando datos IGP desde 2025-12-08 hasta 2025-12-11
[2025-12-11 14:05:00] [INFO] [SCHED] HTTP 200 | Content-Type: application/vnd.openxmlformats-officedocument.spreadsheetml.sheet | bytes: 6773
[2025-12-11 14:05:00] [INFO] [SCHED] Archivo sin cambios (hash idéntico). No se reemplaza el existente.
[2025-12-11 14:05:00] [INFO] [SCHED] Inicio de ciclo ETL IGP V3 (Carga + Geocoding Avanzado)
[2025-12-11 14:05:00] [INFO] [SCHED] Datos leídos: 5 filas.
[2025-12-11 14:05:00] [INFO] [SCHED] Calculando ubicaciones detalladas (Reverse Geocoding + Math)...
[2025-12-11 14:05:00] [INFO] [SCHED] Procesadas 5 filas (Insertadas/Actualizadas).
[2025-12-11 14:05:00] [INFO] [SCHED] Carga de nuevos datos completada.
[2025-12-11 14:05:00] [INFO] [SCHED] Mantenimiento: Buscando lugares NULL o simples...
[2025-12-11 14:05:00] [INFO] [SCHED] Mantenimiento: Todo limpio.
[2025-12-11 14:05:00] [INFO] [SCHED] Ciclo ETL finalizado con éxito.
[2025-12-11 14:05:00] [INFO] [SCHED] Ciclo completado correctamente.
[2025-12-11 14:05:00] [INFO] [SCHED] 😴 Durmiendo 3599s hasta la próxima sincronización: 15:05:00
[2025-12-11 15:04:59] [INFO] [SCHED] ⏰ Inicio del ciclo programado: Extracción y Carga IGP
[2025-12-11 15:04:59] [INFO] [SCHED] Descargando datos IGP desde 2025-12-08 hasta 2025-12-11
[2025-12-11 15:05:00] [INFO] [SCHED] HTTP 200 | Content-Type: application/vnd.openxmlformats-officedocument.spreadsheetml.sheet | bytes: 6826
[2025-12-11 15:05:00] [INFO] [SCHED] Archivo actualizado correctamente: /app/data/igp/landing/igp-datos-sismicos.xlsx (6,826 bytes)
[2025-12-11 15:05:00] [INFO] [SCHED] Inicio de ciclo ETL IGP V3 (Carga + Geocoding Avanzado)
[2025-12-11 15:05:00] [INFO] [SCHED] Datos leídos: 6 filas.
[2025-12-11 15:05:00] [INFO] [SCHED] Calculando ubicaciones detalladas (Reverse Geocoding + Math)...
[2025-12-11 15:05:01] [INFO] [SCHED] Procesadas 6 filas (Insertadas/Actualizadas).
[2025-12-11 15:05:01] [INFO] [SCHED] Carga de nuevos datos completada.
[2025-12-11 15:05:01] [INFO] [SCHED] Mantenimiento: Buscando lugares NULL o simples...
[2025-12-11 15:05:01] [INFO] [SCHED] Mantenimiento: Todo limpio.
[2025-12-11 15:05:01] [INFO] [SCHED] Ciclo ETL finalizado con éxito.
[2025-12-11 15:05:01] [INFO] [SCHED] Ciclo completado correctamente.
[2025-12-11 15:05:01] [INFO] [SCHED] 😴 Durmiendo 3598s hasta la próxima sincronización: 16:05:00
[2025-12-11 16:04:59] [INFO] [SCHED] ⏰ Inicio del ciclo programado: Extracción y Carga IGP
[2025-12-11 16:04:59] [INFO] [SCHED] Descargando datos IGP desde 2025-12-08 hasta 2025-12-11
[2025-12-11 16:05:00] [INFO] [SCHED] HTTP 200 | Content-Type: application/vnd.openxmlformats-officedocument.spreadsheetml.sheet | bytes: 6826
[2025-12-11 16:05:00] [INFO] [SCHED] Archivo sin cambios (hash idéntico). No se reemplaza el existente.
[2025-12-11 16:05:00] [INFO] [SCHED] Inicio de ciclo ETL IGP V3 (Carga + Geocoding Avanzado)
[2025-12-11 16:05:00] [INFO] [SCHED] Datos leídos: 6 filas.
[2025-12-11 16:05:00] [INFO] [SCHED] Calculando ubicaciones detalladas (Reverse Geocoding + Math)...
[2025-12-11 16:05:00] [INFO] [SCHED] Procesadas 6 filas (Insertadas/Actualizadas).
[2025-12-11 16:05:00] [INFO] [SCHED] Carga de nuevos datos completada.
[2025-12-11 16:05:00] [INFO] [SCHED] Mantenimiento: Buscando lugares NULL o simples...
[2025-12-11 16:05:00] [INFO] [SCHED] Mantenimiento: Todo limpio.
[2025-12-11 16:05:00] [INFO] [SCHED] Ciclo ETL finalizado con éxito.
[2025-12-11 16:05:00] [INFO] [SCHED] Ciclo completado correctamente.
[2025-12-11 16:05:00] [INFO] [SCHED] 😴 Durmiendo 3599s hasta la próxima sincronización: 17:05:00
